#
# A fatal error has been detected by the Java Runtime Environment:
#
#  EXCEPTION_ACCESS_VIOLATION (0xc0000005) at pc=0x61552e22, pid=3348, tid=0x00001af8
#
# JRE version: Java(TM) SE Runtime Environment (8.0_171-b11) (build 1.8.0_171-b11)
# Java VM: Java HotSpot(TM) Client VM (25.171-b11 mixed mode windows-x86 )
# Problematic frame:
# C  0x61552e22
#
# Failed to write core dump. Minidumps are not enabled by default on client versions of Windows
#
# If you would like to submit a bug report, please visit:
#   http://bugreport.java.com/bugreport/crash.jsp
# The crash happened outside the Java Virtual Machine in native code.
# See problematic frame for where to report the bug.
#

---------------  T H R E A D  ---------------

Current thread (0x14b33800):  JavaThread "JavaFX Application Thread" [_thread_in_native, id=6904, stack(0x172c0000,0x17310000)]

siginfo: ExceptionCode=0xc0000005, reading address 0x00000014

Registers:
EAX=0x6262f494, EBX=0x26f46300, ECX=0x00000000, EDX=0x1e933924
ESP=0x1730e48c, EBP=0x1730e4a4, ESI=0x00000000, EDI=0x27064a20
EIP=0x61552e22, EFLAGS=0x00210216

Top of Stack: (sp=0x1730e48c)
0x1730e48c:   6262f46c 00000000 fffffffc 1e933918
0x1730e49c:   1730e4a4 1730e4b8 1730e4b8 61552395
0x1730e4ac:   1730e534 26f46320 27064a20 1730e4c4
0x1730e4bc:   61591894 1730e514 1730e4d0 615917ed
0x1730e4cc:   1730e4e0 1730e4f4 62463d44 1730e4ec
0x1730e4dc:   1730e558 00000000 1730e558 27f30340
0x1730e4ec:   27e823c8 1730e501 1730e524 62463bb5
0x1730e4fc:   1730e558 1730e514 0013f7c0 26c27f44 

Instructions: (pc=0x61552e22)
0x61552e02:   2b d7 0b 01 83 c4 08 8b c6 5e 5d c2 04 00 55 8b
0x61552e12:   ec 83 ec 08 56 8b f1 6a fc 6a 00 68 6c f4 62 62
0x61552e22:   8b 56 14 52 8b 02 83 e0 fe 8b 48 18 e8 5d 33 49
0x61552e32:   00 50 8d 45 f8 50 e8 93 20 04 00 83 c4 18 80 7e 


Register to memory mapping:

EAX=0x6262f494 is an unknown value
EBX=0x26f46300 is an unknown value
ECX=0x00000000 is an unknown value
EDX=0x1e933924 is an unknown value
ESP=0x1730e48c is pointing into the stack for thread: 0x14b33800
EBP=0x1730e4a4 is pointing into the stack for thread: 0x14b33800
ESI=0x00000000 is an unknown value
EDI=0x27064a20 is an unknown value


Stack: [0x172c0000,0x17310000],  sp=0x1730e48c,  free space=313k
Native frames: (J=compiled Java code, j=interpreted, Vv=VM code, C=native code)
C  0x61552e22
C  0x61552395
C  0x61591894
C  0x615917ed
C  0x62463d44
C  0x62463bb5
C  0x62463fc5
C  0x24377e3d
C  0x61ee6a57
C  0x61ee673b
C  0x61ee673b
C  0x61ee66e8
C  0x61ee673b
C  0x61ee1a91
C  0x61efe4c2
C  0x61e2d2cc
C  0x61d69402
C  0x61e71db4
C  0x615823bb
C  0x6168842e
C  0x61963c5a
C  0x61c62b0c
j  com.sun.webkit.Timer.fireTimerEvent(J)V+45
j  com.sun.webkit.Timer.notifyTick()V+25
j  javafx.scene.web.WebEngine$PulseTimer.lambda$null$49()V+3
j  javafx.scene.web.WebEngine$PulseTimer$$Lambda$349.run()V+0
j  com.sun.javafx.application.PlatformImpl.lambda$null$172(Ljava/lang/Runnable;)Ljava/lang/Void;+1
j  com.sun.javafx.application.PlatformImpl$$Lambda$51.run()Ljava/lang/Object;+4
v  ~StubRoutines::call_stub
V  [jvm.dll+0x15b985]
V  [jvm.dll+0x22262e]
V  [jvm.dll+0x15ba1e]
V  [jvm.dll+0x10bbaf]
C  [java.dll+0x102f]
j  com.sun.javafx.application.PlatformImpl.lambda$runLater$173(Ljava/lang/Runnable;Ljava/security/AccessControlContext;)V+7
j  com.sun.javafx.application.PlatformImpl$$Lambda$50.run()V+8
j  com.sun.glass.ui.InvokeLaterDispatcher$Future.run()V+4
v  ~StubRoutines::call_stub
V  [jvm.dll+0x15b985]
V  [jvm.dll+0x22262e]
V  [jvm.dll+0x15ba1e]
V  [jvm.dll+0xdd5db]
V  [jvm.dll+0xe056c]
C  [glass.dll+0x469c]

Java frames: (J=compiled Java code, j=interpreted, Vv=VM code)
j  com.sun.webkit.Timer.twkFireTimerEvent()V+0
j  com.sun.webkit.Timer.fireTimerEvent(J)V+45
j  com.sun.webkit.Timer.notifyTick()V+25
j  javafx.scene.web.WebEngine$PulseTimer.lambda$null$49()V+3
j  javafx.scene.web.WebEngine$PulseTimer$$Lambda$349.run()V+0
j  com.sun.javafx.application.PlatformImpl.lambda$null$172(Ljava/lang/Runnable;)Ljava/lang/Void;+1
j  com.sun.javafx.application.PlatformImpl$$Lambda$51.run()Ljava/lang/Object;+4
v  ~StubRoutines::call_stub
J 2624  java.security.AccessController.doPrivileged(Ljava/security/PrivilegedAction;Ljava/security/AccessControlContext;)Ljava/lang/Object; (0 bytes) @ 0x027cec47 [0x027cebe0+0x67]
j  com.sun.javafx.application.PlatformImpl.lambda$runLater$173(Ljava/lang/Runnable;Ljava/security/AccessControlContext;)V+7
j  com.sun.javafx.application.PlatformImpl$$Lambda$50.run()V+8
j  com.sun.glass.ui.InvokeLaterDispatcher$Future.run()V+4
v  ~StubRoutines::call_stub
j  com.sun.glass.ui.win.WinApplication._runLoop(Ljava/lang/Runnable;)V+0
j  com.sun.glass.ui.win.WinApplication.lambda$null$147(ILjava/lang/Runnable;)V+8
j  com.sun.glass.ui.win.WinApplication$$Lambda$39.run()V+12
j  java.lang.Thread.run()V+11
v  ~StubRoutines::call_stub

---------------  P R O C E S S  ---------------

Java Threads: ( => current thread )
  0x1fe68400 JavaThread "JFXMedia Player EventQueueThread" daemon [_thread_blocked, id=1392, stack(0x2c3e0000,0x2c430000)]
  0x1fe65000 JavaThread "JFXMedia Player EventQueueThread" daemon [_thread_blocked, id=7908, stack(0x2c1a0000,0x2c1f0000)]
  0x1fe65800 JavaThread "JFXMedia Player EventQueueThread" daemon [_thread_blocked, id=11800, stack(0x28fb0000,0x29000000)]
  0x1fe66400 JavaThread "JFXMedia Player EventQueueThread" daemon [_thread_blocked, id=5444, stack(0x28d70000,0x28dc0000)]
  0x16056400 JavaThread "URL-Loader-5" daemon [_thread_blocked, id=2828, stack(0x278e0000,0x27930000)]
  0x16055800 JavaThread "URL-Loader-4" daemon [_thread_blocked, id=5308, stack(0x27850000,0x278a0000)]
  0x16055400 JavaThread "Thread-248" daemon [_thread_in_native, id=10860, stack(0x277c0000,0x27810000)]
  0x16057000 JavaThread "Keep-Alive-Timer" daemon [_thread_blocked, id=6400, stack(0x27610000,0x27660000)]
  0x16058000 JavaThread "URL-Loader-3" daemon [_thread_blocked, id=8932, stack(0x26670000,0x266c0000)]
  0x16054400 JavaThread "URL-Loader-2" daemon [_thread_blocked, id=6352, stack(0x265e0000,0x26630000)]
  0x16056000 JavaThread "URL-Loader-1" daemon [_thread_blocked, id=9504, stack(0x26450000,0x264a0000)]
  0x16057800 JavaThread "Disposer" daemon [_thread_blocked, id=1912, stack(0x263c0000,0x26410000)]
  0x16054c00 JavaThread "Media Resource Disposer" daemon [_thread_blocked, id=8576, stack(0x23da0000,0x23df0000)]
  0x16056c00 JavaThread "JFXMedia Player EventQueueThread" daemon [_thread_blocked, id=6860, stack(0x21090000,0x210e0000)]
  0x16042c00 JavaThread "JFXMedia Player EventQueueThread" daemon [_thread_blocked, id=6584, stack(0x1fc30000,0x1fc80000)]
  0x15e1f000 JavaThread "Prism Font Disposer" daemon [_thread_blocked, id=860, stack(0x1d960000,0x1d9b0000)]
  0x14c21c00 JavaThread "Thread-5" daemon [_thread_in_native, id=10816, stack(0x1b700000,0x1b750000)]
=>0x14b33800 JavaThread "JavaFX Application Thread" [_thread_in_native, id=6904, stack(0x172c0000,0x17310000)]
  0x14b33400 JavaThread "Thread-4" daemon [_thread_blocked, id=9140, stack(0x17230000,0x17280000)]
  0x15c36c00 JavaThread "QuantumRenderer-0" daemon [_thread_blocked, id=8444, stack(0x166c0000,0x16710000)]
  0x15b75400 JavaThread "JavaFX-Launcher" [_thread_blocked, id=7468, stack(0x16630000,0x16680000)]
  0x15bc0000 JavaThread "com.legba.notes.app.Main.main()" [_thread_blocked, id=10912, stack(0x164a0000,0x164f0000)]
  0x14b49000 JavaThread "Service Thread" daemon [_thread_blocked, id=9480, stack(0x15180000,0x151d0000)]
  0x14b26800 JavaThread "C1 CompilerThread0" daemon [_thread_blocked, id=10268, stack(0x150f0000,0x15140000)]
  0x14b25800 JavaThread "Attach Listener" daemon [_thread_blocked, id=8156, stack(0x15060000,0x150b0000)]
  0x14b14800 JavaThread "Signal Dispatcher" daemon [_thread_blocked, id=7528, stack(0x14fd0000,0x15020000)]
  0x14b0d800 JavaThread "Finalizer" daemon [_thread_blocked, id=8812, stack(0x14e50000,0x14ea0000)]
  0x14af7800 JavaThread "Reference Handler" daemon [_thread_blocked, id=6224, stack(0x14dc0000,0x14e10000)]
  0x024ce800 JavaThread "main" [_thread_blocked, id=12144, stack(0x00f50000,0x00fa0000)]

Other Threads:
  0x14af1800 VMThread [stack: 0x14d30000,0x14d80000] [id=4676]
  0x14b54c00 WatcherThread [stack: 0x15210000,0x15260000] [id=11968]

VM state:not at safepoint (normal execution)

VM Mutex/Monitor currently owned by a thread: None

Heap:
 def new generation   total 19136K, used 14645K [0x04600000, 0x05ac0000, 0x09b50000)
  eden space 17024K,  80% used [0x04600000, 0x053608b8, 0x056a0000)
  from space 2112K,  44% used [0x058b0000, 0x0599cda0, 0x05ac0000)
  to   space 2112K,   0% used [0x056a0000, 0x056a0000, 0x058b0000)
 tenured generation   total 42464K, used 28211K [0x09b50000, 0x0c4c8000, 0x14600000)
   the space 42464K,  66% used [0x09b50000, 0x0b6dcec0, 0x0b6dd000, 0x0c4c8000)
 Metaspace       used 23624K, capacity 24726K, committed 24832K, reserved 24960K

Card table byte_map: [0x14600000,0x14690000] byte_map_base: 0x145dd000

Polling page: 0x00ed0000

CodeCache: size=32768Kb used=4440Kb max_used=4440Kb free=28327Kb
 bounds [0x025d0000, 0x02a28000, 0x045d0000]
 total_blobs=3146 nmethods=2686 adapters=390
 compilation: enabled

Compilation events (10 events):
Event: 10.514 Thread 0x14b26800 2740             javafx.scene.Node::impl_notifyLayoutBoundsChanged (46 bytes)
Event: 10.515 Thread 0x14b26800 nmethod 2740 0x02a24b48 code [0x02a24c90, 0x02a24eac]
Event: 10.515 Thread 0x14b26800 2741             javafx.geometry.Bounds::getMinY (5 bytes)
Event: 10.515 Thread 0x14b26800 nmethod 2741 0x02a25088 code [0x02a25180, 0x02a25200]
Event: 10.517 Thread 0x14b26800 2742             com.sun.scenario.effect.impl.state.BoxRenderState::validateWeights (477 bytes)
Event: 10.518 Thread 0x14b26800 nmethod 2742 0x02a25248 code [0x02a25460, 0x02a25b1c]
Event: 10.519 Thread 0x14b26800 2743             com.sun.prism.impl.BaseContext::flushMask (97 bytes)
Event: 10.519 Thread 0x14b26800 nmethod 2743 0x02a263c8 code [0x02a26500, 0x02a266bc]
Event: 10.520 Thread 0x14b26800 2744             com.sun.prism.d3d.D3DContext::renderQuads (18 bytes)
Event: 10.520 Thread 0x14b26800 nmethod 2744 0x02a267c8 code [0x02a268d0, 0x02a26998]

GC Heap History (10 events):
Event: 10.064 GC heap before
{Heap before GC invocations=48 (full 4):
 def new generation   total 19136K, used 17024K [0x04600000, 0x05ac0000, 0x09b50000)
  eden space 17024K, 100% used [0x04600000, 0x056a0000, 0x056a0000)
  from space 2112K,   0% used [0x056a0000, 0x056a0000, 0x058b0000)
  to   space 2112K,   0% used [0x058b0000, 0x058b0000, 0x05ac0000)
 tenured generation   total 42464K, used 25476K [0x09b50000, 0x0c4c8000, 0x14600000)
   the space 42464K,  59% used [0x09b50000, 0x0b431200, 0x0b431200, 0x0c4c8000)
 Metaspace       used 23606K, capacity 24694K, committed 24832K, reserved 24960K
Event: 10.086 GC heap after
Heap after GC invocations=49 (full 4):
 def new generation   total 19136K, used 2112K [0x04600000, 0x05ac0000, 0x09b50000)
  eden space 17024K,   0% used [0x04600000, 0x04600000, 0x056a0000)
  from space 2112K, 100% used [0x058b0000, 0x05ac0000, 0x05ac0000)
  to   space 2112K,   0% used [0x056a0000, 0x056a0000, 0x058b0000)
 tenured generation   total 42464K, used 26127K [0x09b50000, 0x0c4c8000, 0x14600000)
   the space 42464K,  61% used [0x09b50000, 0x0b4d3ca8, 0x0b4d3e00, 0x0c4c8000)
 Metaspace       used 23606K, capacity 24694K, committed 24832K, reserved 24960K
}
Event: 10.293 GC heap before
{Heap before GC invocations=49 (full 4):
 def new generation   total 19136K, used 19136K [0x04600000, 0x05ac0000, 0x09b50000)
  eden space 17024K, 100% used [0x04600000, 0x056a0000, 0x056a0000)
  from space 2112K, 100% used [0x058b0000, 0x05ac0000, 0x05ac0000)
  to   space 2112K,   0% used [0x056a0000, 0x056a0000, 0x058b0000)
 tenured generation   total 42464K, used 26127K [0x09b50000, 0x0c4c8000, 0x14600000)
   the space 42464K,  61% used [0x09b50000, 0x0b4d3ca8, 0x0b4d3e00, 0x0c4c8000)
 Metaspace       used 23613K, capacity 24694K, committed 24832K, reserved 24960K
Event: 10.298 GC heap after
Heap after GC invocations=50 (full 4):
 def new generation   total 19136K, used 505K [0x04600000, 0x05ac0000, 0x09b50000)
  eden space 17024K,   0% used [0x04600000, 0x04600000, 0x056a0000)
  from space 2112K,  23% used [0x056a0000, 0x0571e6f8, 0x058b0000)
  to   space 2112K,   0% used [0x058b0000, 0x058b0000, 0x05ac0000)
 tenured generation   total 42464K, used 27726K [0x09b50000, 0x0c4c8000, 0x14600000)
   the space 42464K,  65% used [0x09b50000, 0x0b6639b0, 0x0b663a00, 0x0c4c8000)
 Metaspace       used 23613K, capacity 24694K, committed 24832K, reserved 24960K
}
Event: 10.351 GC heap before
{Heap before GC invocations=50 (full 4):
 def new generation   total 19136K, used 17529K [0x04600000, 0x05ac0000, 0x09b50000)
  eden space 17024K, 100% used [0x04600000, 0x056a0000, 0x056a0000)
  from space 2112K,  23% used [0x056a0000, 0x0571e6f8, 0x058b0000)
  to   space 2112K,   0% used [0x058b0000, 0x058b0000, 0x05ac0000)
 tenured generation   total 42464K, used 27726K [0x09b50000, 0x0c4c8000, 0x14600000)
   the space 42464K,  65% used [0x09b50000, 0x0b6639b0, 0x0b663a00, 0x0c4c8000)
 Metaspace       used 23613K, capacity 24694K, committed 24832K, reserved 24960K
Event: 10.353 GC heap after
Heap after GC invocations=51 (full 4):
 def new generation   total 19136K, used 980K [0x04600000, 0x05ac0000, 0x09b50000)
  eden space 17024K,   0% used [0x04600000, 0x04600000, 0x056a0000)
  from space 2112K,  46% used [0x058b0000, 0x059a5320, 0x05ac0000)
  to   space 2112K,   0% used [0x056a0000, 0x056a0000, 0x058b0000)
 tenured generation   total 42464K, used 27726K [0x09b50000, 0x0c4c8000, 0x14600000)
   the space 42464K,  65% used [0x09b50000, 0x0b6639b0, 0x0b663a00, 0x0c4c8000)
 Metaspace       used 23613K, capacity 24694K, committed 24832K, reserved 24960K
}
Event: 10.402 GC heap before
{Heap before GC invocations=51 (full 4):
 def new generation   total 19136K, used 18004K [0x04600000, 0x05ac0000, 0x09b50000)
  eden space 17024K, 100% used [0x04600000, 0x056a0000, 0x056a0000)
  from space 2112K,  46% used [0x058b0000, 0x059a5320, 0x05ac0000)
  to   space 2112K,   0% used [0x056a0000, 0x056a0000, 0x058b0000)
 tenured generation   total 42464K, used 27726K [0x09b50000, 0x0c4c8000, 0x14600000)
   the space 42464K,  65% used [0x09b50000, 0x0b6639b0, 0x0b663a00, 0x0c4c8000)
 Metaspace       used 23613K, capacity 24694K, committed 24832K, reserved 24960K
Event: 10.406 GC heap after
Heap after GC invocations=52 (full 4):
 def new generation   total 19136K, used 1227K [0x04600000, 0x05ac0000, 0x09b50000)
  eden space 17024K,   0% used [0x04600000, 0x04600000, 0x056a0000)
  from space 2112K,  58% used [0x056a0000, 0x057d2d30, 0x058b0000)
  to   space 2112K,   0% used [0x058b0000, 0x058b0000, 0x05ac0000)
 tenured generation   total 42464K, used 27726K [0x09b50000, 0x0c4c8000, 0x14600000)
   the space 42464K,  65% used [0x09b50000, 0x0b6639b0, 0x0b663a00, 0x0c4c8000)
 Metaspace       used 23613K, capacity 24694K, committed 24832K, reserved 24960K
}
Event: 10.504 GC heap before
{Heap before GC invocations=52 (full 4):
 def new generation   total 19136K, used 18251K [0x04600000, 0x05ac0000, 0x09b50000)
  eden space 17024K, 100% used [0x04600000, 0x056a0000, 0x056a0000)
  from space 2112K,  58% used [0x056a0000, 0x057d2d30, 0x058b0000)
  to   space 2112K,   0% used [0x058b0000, 0x058b0000, 0x05ac0000)
 tenured generation   total 42464K, used 27726K [0x09b50000, 0x0c4c8000, 0x14600000)
   the space 42464K,  65% used [0x09b50000, 0x0b6639b0, 0x0b663a00, 0x0c4c8000)
 Metaspace       used 23617K, capacity 24694K, committed 24832K, reserved 24960K
Event: 10.509 GC heap after
Heap after GC invocations=53 (full 4):
 def new generation   total 19136K, used 947K [0x04600000, 0x05ac0000, 0x09b50000)
  eden space 17024K,   0% used [0x04600000, 0x04600000, 0x056a0000)
  from space 2112K,  44% used [0x058b0000, 0x0599cda0, 0x05ac0000)
  to   space 2112K,   0% used [0x056a0000, 0x056a0000, 0x058b0000)
 tenured generation   total 42464K, used 28211K [0x09b50000, 0x0c4c8000, 0x14600000)
   the space 42464K,  66% used [0x09b50000, 0x0b6dcec0, 0x0b6dd000, 0x0c4c8000)
 Metaspace       used 23617K, capacity 24694K, committed 24832K, reserved 24960K
}

Deoptimization events (0 events):
No events

Classes redefined (0 events):
No events

Internal exceptions (10 events):
Event: 8.514 Thread 0x14b33800 Exception <a 'java/lang/ArrayIndexOutOfBoundsException'> (0x0463ca38) thrown at [C:\re\workspace\8-2-build-windows-i586-cygwin\jdk8u171\10807\hotspot\src\share\vm\runtime\sharedRuntime.cpp, line 605]
Event: 8.603 Thread 0x14b33800 Exception <a 'java/io/FileNotFoundException'> (0x04ba31d0) thrown at [C:\re\workspace\8-2-build-windows-i586-cygwin\jdk8u171\10807\hotspot\src\share\vm\prims\jni.cpp, line 709]
Event: 8.610 Thread 0x14b33800 Implicit null exception at 0x0286da20 to 0x0286f10f
Event: 8.701 Thread 0x14b33800 Implicit null exception at 0x0294a6d3 to 0x0294a8c9
Event: 9.837 Thread 0x15c36c00 Exception <a 'java/lang/ArrayIndexOutOfBoundsException'> (0x05471f20) thrown at [C:\re\workspace\8-2-build-windows-i586-cygwin\jdk8u171\10807\hotspot\src\share\vm\runtime\sharedRuntime.cpp, line 605]
Event: 9.837 Thread 0x15c36c00 Exception <a 'java/lang/ArrayIndexOutOfBoundsException'> (0x05472320) thrown at [C:\re\workspace\8-2-build-windows-i586-cygwin\jdk8u171\10807\hotspot\src\share\vm\runtime\sharedRuntime.cpp, line 605]
Event: 10.287 Thread 0x14b33800 Exception <a 'java/lang/NullPointerException'> (0x04ab8660) thrown at [C:\re\workspace\8-2-build-windows-i586-cygwin\jdk8u171\10807\hotspot\src\share\vm\interpreter\linkResolver.cpp, line 1287]
Event: 10.308 Thread 0x14b33800 Exception <a 'java/lang/NullPointerException'> (0x04605e98) thrown at [C:\re\workspace\8-2-build-windows-i586-cygwin\jdk8u171\10807\hotspot\src\share\vm\interpreter\linkResolver.cpp, line 1287]
Event: 10.343 Thread 0x14b33800 Exception <a 'java/lang/NullPointerException'> (0x05031ef8) thrown at [C:\re\workspace\8-2-build-windows-i586-cygwin\jdk8u171\10807\hotspot\src\share\vm\interpreter\linkResolver.cpp, line 1287]
Event: 10.362 Thread 0x14b33800 Exception <a 'java/lang/NullPointerException'> (0x04616f10) thrown at [C:\re\workspace\8-2-build-windows-i586-cygwin\jdk8u171\10807\hotspot\src\share\vm\interpreter\linkResolver.cpp, line 1287]

Events (10 events):
Event: 10.523 Thread 0x1fe65c00 Thread added: 0x1fe65c00
Event: 10.523 Thread 0x1fe65c00 Thread exited: 0x1fe65c00
Event: 10.523 Thread 0x1fe68800 Thread added: 0x1fe68800
Event: 10.523 Thread 0x1fe68800 Thread exited: 0x1fe68800
Event: 10.523 Thread 0x1fe67800 Thread added: 0x1fe67800
Event: 10.523 Thread 0x1fe67800 Thread exited: 0x1fe67800
Event: 10.523 Thread 0x1fe66800 Thread added: 0x1fe66800
Event: 10.523 Thread 0x1fe66800 Thread exited: 0x1fe66800
Event: 10.523 Thread 0x1fe65c00 Thread added: 0x1fe65c00
Event: 10.523 Thread 0x1fe65c00 Thread exited: 0x1fe65c00


Dynamic libraries:
0x00fa0000 - 0x00fd3000 	C:\Program Files (x86)\Java\jdk1.8.0_171\bin\javaw.exe
0x77db0000 - 0x77f3e000 	C:\WINDOWS\SYSTEM32\ntdll.dll
0x77ac0000 - 0x77b90000 	C:\WINDOWS\System32\KERNEL32.DLL
0x778d0000 - 0x77a91000 	C:\WINDOWS\System32\KERNELBASE.dll
0x76aa0000 - 0x76b17000 	C:\WINDOWS\System32\ADVAPI32.dll
0x74c80000 - 0x74d3d000 	C:\WINDOWS\System32\msvcrt.dll
0x76760000 - 0x767a1000 	C:\WINDOWS\System32\sechost.dll
0x74a90000 - 0x74b50000 	C:\WINDOWS\System32\RPCRT4.dll
0x74880000 - 0x748a0000 	C:\WINDOWS\System32\SspiCli.dll
0x74870000 - 0x7487a000 	C:\WINDOWS\System32\CRYPTBASE.dll
0x74990000 - 0x749e7000 	C:\WINDOWS\System32\bcryptPrimitives.dll
0x770b0000 - 0x771ec000 	C:\WINDOWS\System32\USER32.dll
0x766f0000 - 0x76706000 	C:\WINDOWS\System32\win32u.dll
0x76090000 - 0x760b1000 	C:\WINDOWS\System32\GDI32.dll
0x771f0000 - 0x77348000 	C:\WINDOWS\System32\gdi32full.dll
0x74c00000 - 0x74c79000 	C:\WINDOWS\System32\msvcp_win.dll
0x767b0000 - 0x768c8000 	C:\WINDOWS\System32\ucrtbase.dll
0x74120000 - 0x7432e000 	C:\WINDOWS\WinSxS\x86_microsoft.windows.common-controls_6595b64144ccf1df_6.0.15063.1058_none_887484c43e23e7c3\COMCTL32.dll
0x77690000 - 0x778c8000 	C:\WINDOWS\System32\combase.dll
0x77d70000 - 0x77d95000 	C:\WINDOWS\System32\IMM32.DLL
0x69c40000 - 0x69cff000 	C:\Program Files (x86)\Java\jdk1.8.0_171\jre\bin\msvcr100.dll
0x65dc0000 - 0x66191000 	C:\Program Files (x86)\Java\jdk1.8.0_171\jre\bin\client\jvm.dll
0x774a0000 - 0x774a6000 	C:\WINDOWS\System32\PSAPI.DLL
0x728f0000 - 0x728f8000 	C:\WINDOWS\SYSTEM32\WSOCK32.dll
0x744a0000 - 0x744a8000 	C:\WINDOWS\SYSTEM32\VERSION.dll
0x74450000 - 0x74474000 	C:\WINDOWS\SYSTEM32\WINMM.dll
0x77620000 - 0x77687000 	C:\WINDOWS\System32\WS2_32.dll
0x740d0000 - 0x740f3000 	C:\WINDOWS\SYSTEM32\WINMMBASE.dll
0x766b0000 - 0x766e9000 	C:\WINDOWS\System32\cfgmgr32.dll
0x69c30000 - 0x69c3c000 	C:\Program Files (x86)\Java\jdk1.8.0_171\jre\bin\verify.dll
0x69c00000 - 0x69c22000 	C:\Program Files (x86)\Java\jdk1.8.0_171\jre\bin\java.dll
0x69be0000 - 0x69bf4000 	C:\Program Files (x86)\Java\jdk1.8.0_171\jre\bin\zip.dll
0x74d40000 - 0x76089000 	C:\WINDOWS\System32\SHELL32.dll
0x74b70000 - 0x74bfc000 	C:\WINDOWS\System32\shcore.dll
0x76b20000 - 0x770a7000 	C:\WINDOWS\System32\windows.storage.dll
0x768d0000 - 0x76915000 	C:\WINDOWS\System32\shlwapi.dll
0x760c0000 - 0x760ce000 	C:\WINDOWS\System32\kernel.appcore.dll
0x77450000 - 0x77495000 	C:\WINDOWS\System32\powrprof.dll
0x77da0000 - 0x77db0000 	C:\WINDOWS\System32\profapi.dll
0x69bc0000 - 0x69bd5000 	C:\Program Files (x86)\Java\jdk1.8.0_171\jre\bin\net.dll
0x72930000 - 0x7297e000 	C:\WINDOWS\system32\mswsock.dll
0x69110000 - 0x6911f000 	C:\Program Files (x86)\Java\jdk1.8.0_171\jre\bin\nio.dll
0x69100000 - 0x69103000 	C:\Program Files (x86)\Java\jdk1.8.0_171\jre\bin\api-ms-win-core-console-l1-1-0.dll
0x690f0000 - 0x690f3000 	C:\Program Files (x86)\Java\jdk1.8.0_171\jre\bin\api-ms-win-core-datetime-l1-1-0.dll
0x690e0000 - 0x690e3000 	C:\Program Files (x86)\Java\jdk1.8.0_171\jre\bin\api-ms-win-core-debug-l1-1-0.dll
0x690d0000 - 0x690d3000 	C:\Program Files (x86)\Java\jdk1.8.0_171\jre\bin\api-ms-win-core-errorhandling-l1-1-0.dll
0x690c0000 - 0x690c4000 	C:\Program Files (x86)\Java\jdk1.8.0_171\jre\bin\api-ms-win-core-file-l1-1-0.dll
0x69060000 - 0x69063000 	C:\Program Files (x86)\Java\jdk1.8.0_171\jre\bin\api-ms-win-core-file-l1-2-0.dll
0x69040000 - 0x69043000 	C:\Program Files (x86)\Java\jdk1.8.0_171\jre\bin\api-ms-win-core-file-l2-1-0.dll
0x66a60000 - 0x66a63000 	C:\Program Files (x86)\Java\jdk1.8.0_171\jre\bin\api-ms-win-core-handle-l1-1-0.dll
0x66a50000 - 0x66a53000 	C:\Program Files (x86)\Java\jdk1.8.0_171\jre\bin\api-ms-win-core-heap-l1-1-0.dll
0x66a40000 - 0x66a43000 	C:\Program Files (x86)\Java\jdk1.8.0_171\jre\bin\api-ms-win-core-interlocked-l1-1-0.dll
0x66a30000 - 0x66a33000 	C:\Program Files (x86)\Java\jdk1.8.0_171\jre\bin\api-ms-win-core-libraryloader-l1-1-0.dll
0x66a20000 - 0x66a23000 	C:\Program Files (x86)\Java\jdk1.8.0_171\jre\bin\api-ms-win-core-localization-l1-2-0.dll
0x66a10000 - 0x66a13000 	C:\Program Files (x86)\Java\jdk1.8.0_171\jre\bin\api-ms-win-core-memory-l1-1-0.dll
0x66a00000 - 0x66a03000 	C:\Program Files (x86)\Java\jdk1.8.0_171\jre\bin\api-ms-win-core-namedpipe-l1-1-0.dll
0x669f0000 - 0x669f3000 	C:\Program Files (x86)\Java\jdk1.8.0_171\jre\bin\api-ms-win-core-processenvironment-l1-1-0.dll
0x669e0000 - 0x669e3000 	C:\Program Files (x86)\Java\jdk1.8.0_171\jre\bin\api-ms-win-core-processthreads-l1-1-0.dll
0x669d0000 - 0x669d3000 	C:\Program Files (x86)\Java\jdk1.8.0_171\jre\bin\api-ms-win-core-processthreads-l1-1-1.dll
0x669c0000 - 0x669c3000 	C:\Program Files (x86)\Java\jdk1.8.0_171\jre\bin\api-ms-win-core-profile-l1-1-0.dll
0x669b0000 - 0x669b3000 	C:\Program Files (x86)\Java\jdk1.8.0_171\jre\bin\api-ms-win-core-rtlsupport-l1-1-0.dll
0x669a0000 - 0x669a3000 	C:\Program Files (x86)\Java\jdk1.8.0_171\jre\bin\api-ms-win-core-string-l1-1-0.dll
0x66990000 - 0x66993000 	C:\Program Files (x86)\Java\jdk1.8.0_171\jre\bin\api-ms-win-core-synch-l1-1-0.dll
0x66980000 - 0x66983000 	C:\Program Files (x86)\Java\jdk1.8.0_171\jre\bin\api-ms-win-core-synch-l1-2-0.dll
0x66970000 - 0x66973000 	C:\Program Files (x86)\Java\jdk1.8.0_171\jre\bin\api-ms-win-core-sysinfo-l1-1-0.dll
0x66960000 - 0x66963000 	C:\Program Files (x86)\Java\jdk1.8.0_171\jre\bin\api-ms-win-core-timezone-l1-1-0.dll
0x66950000 - 0x66953000 	C:\Program Files (x86)\Java\jdk1.8.0_171\jre\bin\api-ms-win-core-util-l1-1-0.dll
0x66940000 - 0x66943000 	C:\Program Files (x86)\Java\jdk1.8.0_171\jre\bin\api-ms-win-crt-conio-l1-1-0.dll
0x66930000 - 0x66934000 	C:\Program Files (x86)\Java\jdk1.8.0_171\jre\bin\api-ms-win-crt-convert-l1-1-0.dll
0x66920000 - 0x66923000 	C:\Program Files (x86)\Java\jdk1.8.0_171\jre\bin\api-ms-win-crt-environment-l1-1-0.dll
0x66910000 - 0x66913000 	C:\Program Files (x86)\Java\jdk1.8.0_171\jre\bin\api-ms-win-crt-filesystem-l1-1-0.dll
0x66900000 - 0x66903000 	C:\Program Files (x86)\Java\jdk1.8.0_171\jre\bin\api-ms-win-crt-heap-l1-1-0.dll
0x65db0000 - 0x65db3000 	C:\Program Files (x86)\Java\jdk1.8.0_171\jre\bin\api-ms-win-crt-locale-l1-1-0.dll
0x65da0000 - 0x65da5000 	C:\Program Files (x86)\Java\jdk1.8.0_171\jre\bin\api-ms-win-crt-math-l1-1-0.dll
0x65d90000 - 0x65d95000 	C:\Program Files (x86)\Java\jdk1.8.0_171\jre\bin\api-ms-win-crt-multibyte-l1-1-0.dll
0x65d80000 - 0x65d90000 	C:\Program Files (x86)\Java\jdk1.8.0_171\jre\bin\api-ms-win-crt-private-l1-1-0.dll
0x65d70000 - 0x65d73000 	C:\Program Files (x86)\Java\jdk1.8.0_171\jre\bin\api-ms-win-crt-process-l1-1-0.dll
0x65d60000 - 0x65d64000 	C:\Program Files (x86)\Java\jdk1.8.0_171\jre\bin\api-ms-win-crt-runtime-l1-1-0.dll
0x65d50000 - 0x65d54000 	C:\Program Files (x86)\Java\jdk1.8.0_171\jre\bin\api-ms-win-crt-stdio-l1-1-0.dll
0x65d40000 - 0x65d44000 	C:\Program Files (x86)\Java\jdk1.8.0_171\jre\bin\api-ms-win-crt-string-l1-1-0.dll
0x65d30000 - 0x65d33000 	C:\Program Files (x86)\Java\jdk1.8.0_171\jre\bin\api-ms-win-crt-time-l1-1-0.dll
0x65d20000 - 0x65d23000 	C:\Program Files (x86)\Java\jdk1.8.0_171\jre\bin\api-ms-win-crt-utility-l1-1-0.dll
0x65c00000 - 0x65d18000 	C:\Program Files (x86)\Java\jdk1.8.0_171\jre\bin\ucrtbase.dll
0x65bc0000 - 0x65bfb000 	C:\Program Files (x86)\Java\jdk1.8.0_171\jre\bin\concrt140.dll
0x65ba0000 - 0x65bb5000 	C:\WINDOWS\SYSTEM32\VCRUNTIME140.dll
0x65b30000 - 0x65b9d000 	C:\WINDOWS\SYSTEM32\MSVCP140.dll
0x65b10000 - 0x65b24000 	C:\Program Files (x86)\Java\jdk1.8.0_171\jre\bin\vcruntime140.dll
0x65aa0000 - 0x65b0c000 	C:\Program Files (x86)\Java\jdk1.8.0_171\jre\bin\msvcp140.dll
0x65a80000 - 0x65a9f000 	C:\Program Files (x86)\Java\jdk1.8.0_171\jre\bin\prism_d3d.dll
0x6b320000 - 0x6b482000 	C:\WINDOWS\system32\d3d9.dll
0x72ae0000 - 0x72b03000 	C:\WINDOWS\SYSTEM32\dwmapi.dll
0x72b30000 - 0x72ba8000 	C:\WINDOWS\system32\uxtheme.dll
0x6b230000 - 0x6b2eb000 	C:\WINDOWS\System32\DriverStore\FileRepository\nv_ref_pubwu.inf_amd64_c0f7a2f5b2e4e6e0\nvldumd.dll
0x76920000 - 0x76a9d000 	C:\WINDOWS\System32\crypt32.dll
0x77aa0000 - 0x77aae000 	C:\WINDOWS\System32\MSASN1.dll
0x76710000 - 0x76755000 	C:\WINDOWS\System32\WINTRUST.DLL
0x74b50000 - 0x74b69000 	C:\WINDOWS\System32\imagehlp.dll
0x72850000 - 0x72863000 	C:\WINDOWS\SYSTEM32\CRYPTSP.dll
0x72820000 - 0x7284f000 	C:\WINDOWS\system32\rsaenh.dll
0x74630000 - 0x74648000 	C:\WINDOWS\SYSTEM32\bcrypt.dll
0x6a3e0000 - 0x6b222000 	C:\WINDOWS\System32\DriverStore\FileRepository\nv_ref_pubwu.inf_amd64_c0f7a2f5b2e4e6e0\nvd3dum.dll
0x65a40000 - 0x65a78000 	C:\Program Files (x86)\Java\jdk1.8.0_171\jre\bin\glass.dll
0x77b90000 - 0x77c7f000 	C:\WINDOWS\System32\COMDLG32.dll
0x77350000 - 0x77443000 	C:\WINDOWS\System32\ole32.dll
0x749f0000 - 0x74a86000 	C:\WINDOWS\System32\OLEAUT32.dll
0x76560000 - 0x766a6000 	C:\WINDOWS\System32\MSCTF.dll
0x6a310000 - 0x6a3da000 	C:\Program Files (x86)\NVIDIA Corporation\3D Vision\nvSCPAPI.dll
0x760d0000 - 0x764ea000 	C:\WINDOWS\System32\SETUPAPI.dll
0x748a0000 - 0x74923000 	C:\WINDOWS\System32\clbcatq.dll
0x70800000 - 0x70971000 	C:\WINDOWS\SYSTEM32\WindowsCodecs.dll
0x719c0000 - 0x71a03000 	C:\WINDOWS\system32\dataexchange.dll
0x71480000 - 0x716d1000 	C:\WINDOWS\system32\d3d11.dll
0x718d0000 - 0x719ba000 	C:\WINDOWS\system32\dcomp.dll
0x713f0000 - 0x7147a000 	C:\WINDOWS\system32\dxgi.dll
0x712b0000 - 0x713e6000 	C:\WINDOWS\system32\twinapi.appcore.dll
0x65a10000 - 0x65a35000 	C:\Program Files (x86)\Common Files\Microsoft Shared\Ink\rtscom.dll
0x71240000 - 0x712a7000 	C:\WINDOWS\System32\TextInputFramework.dll
0x71010000 - 0x71237000 	C:\WINDOWS\System32\CoreUIComponents.dll
0x70f80000 - 0x7100f000 	C:\WINDOWS\System32\CoreMessaging.dll
0x727b0000 - 0x727d8000 	C:\WINDOWS\SYSTEM32\ntmarta.dll
0x718c0000 - 0x718d0000 	C:\WINDOWS\SYSTEM32\usermgrcli.dll
0x6b8c0000 - 0x6b991000 	C:\WINDOWS\SYSTEM32\wintypes.dll
0x65a00000 - 0x65a10000 	C:\Program Files (x86)\Java\jdk1.8.0_171\jre\bin\javafx_font.dll
0x68d80000 - 0x68fc7000 	C:\WINDOWS\SYSTEM32\dwrite.dll
0x66400000 - 0x66900000 	C:\WINDOWS\SYSTEM32\d2d1.dll
0x661a0000 - 0x663fc000 	C:\WINDOWS\SYSTEM32\D3D10Warp.dll
0x659f0000 - 0x659ff000 	C:\Program Files (x86)\Java\jdk1.8.0_171\jre\bin\prism_common.dll
0x659c0000 - 0x659e1000 	C:\Program Files (x86)\Java\jdk1.8.0_171\jre\bin\javafx_iio.dll

VM Arguments:
jvm_args: -Dmaven.home=EMBEDDED -Dclassworlds.conf=H:\SWENG\SWEng\.metadata\.plugins\org.eclipse.m2e.launching\launches\m2conf2299011754379120559.tmp -Dmaven.multiModuleProjectDirectory=H:\SWENG\SWEng\Notes -Dfile.encoding=Cp1252 
java_command: org.codehaus.plexus.classworlds.launcher.Launcher -B jfx:run
java_class_path (initial): /C:/ECLIPSE/plugins/org.eclipse.m2e.maven.runtime_1.6.2.20150902-0001/jars/plexus-classworlds-2.5.2.jar
Launcher Type: SUN_STANDARD

Environment Variables:
PATH=C:/Program Files (x86)/Java/jre1.8.0_171/bin/client;C:/Program Files (x86)/Java/jre1.8.0_171/bin;C:/Program Files (x86)/Java/jre1.8.0_171/lib/i386;C:\Program Files (x86)\Common Files\Oracle\Java\javapath;C:\Program Files (x86)\Intel\MPI-RT\4.1.3.045\em64t\bin;C:\Program Files (x86)\Intel\MPI-RT\4.1.3.045\ia32\bin;C:\WINDOWS\system32;C:\WINDOWS;C:\WINDOWS\System32\Wbem;C:\WINDOWS\System32\WindowsPowerShell\v1.0\;C:\Program Files (x86)\Symyx\Symyx Draw 4.0\lib;C:\Apps\Anaconda3;C:\Apps\Anaconda3\Scripts;C:\Apps\Anaconda3\Library\bin;C:\TeX\MiKTeX\miktex\bin\;C:\Program Files\MATLAB\R2017a\runtime\win64;C:\Program Files\MATLAB\R2017a\bin;C:\APPS\MINGW\bin;C:\Program Files\Microsoft SQL Server\120\Tools\Binn\;C:\Program Files (x86)\PuTTY;C:\Program Files\IBM\SPSS\Statistics\24\JRE\bin;C:\Program Files (x86)\Common Files\Propellerhead Software\ReWire\;C:\Program Files\Common Files\Propellerhead Software\ReWire\;C:\TEX\texlive\2016\bin\win32;C:\Program Files\Git\cmd;C:\Program Files (x86)\IT Services\Tools\;C:\Program Files (x86)\IVI Foundation\VISA\WinNT\Bin\;C:\Program Files\IVI Foundation\VISA\Win64\Bin\;C:\Program Files (x86)\Windows Kits\8.1\Windows Performance Toolkit\;C:\Program Files\Csound6_x64\bin;C:\Program Files (x86)\LyX 2.2\Perl\bin;C:\Program Files (x86)\COPASI 4.5.30\bin\;C:\Program Files (x86)\Intel\Intel(R) Management Engine Components\DAL;C:\Program Files\Intel\Intel(R) Management Engine Components\DAL;C:\Program Files (x86)\Intel\Intel(R) Management Engine Components\IPT;C:\Program Files\Intel\Intel(R) Management Engine Components\IPT;C:\Program Files (x86)\Java\jdk1.8.0_171\bin;C:\Users\lr870\AppData\Local\Microsoft\WindowsApps;;C:\ECLIPSE;
USERNAME=lr870
OS=Windows_NT
PROCESSOR_IDENTIFIER=Intel64 Family 6 Model 60 Stepping 3, GenuineIntel



---------------  S Y S T E M  ---------------

OS: Windows 10.0 , 64 bit Build 15063 (10.0.15063.1058)

CPU:total 8 (initial active 8) (4 cores per cpu, 2 threads per core) family 6 model 60 stepping 3, cmov, cx8, fxsr, mmx, sse, sse2, sse3, ssse3, sse4.1, sse4.2, popcnt, avx, avx2, aes, clmul, erms, lzcnt, ht, tsc, tscinvbit, bmi1, bmi2

Memory: 4k page, physical 8224332k(4382712k free), swap 9535052k(5135684k free)

vm_info: Java HotSpot(TM) Client VM (25.171-b11) for windows-x86 JRE (1.8.0_171-b11), built on Mar 28 2018 14:51:22 by "java_re" with MS VC++ 10.0 (VS2010)

time: Fri Jun 01 18:35:51 2018
elapsed time: 10 seconds (0d 0h 0m 10s)

