#
# A fatal error has been detected by the Java Runtime Environment:
#
#  EXCEPTION_ACCESS_VIOLATION (0xc0000005) at pc=0x61552e22, pid=5556, tid=0x00002de0
#
# JRE version: Java(TM) SE Runtime Environment (8.0_171-b11) (build 1.8.0_171-b11)
# Java VM: Java HotSpot(TM) Client VM (25.171-b11 mixed mode windows-x86 )
# Problematic frame:
# C  0x61552e22
#
# Failed to write core dump. Minidumps are not enabled by default on client versions of Windows
#
# If you would like to submit a bug report, please visit:
#   http://bugreport.java.com/bugreport/crash.jsp
# The crash happened outside the Java Virtual Machine in native code.
# See problematic frame for where to report the bug.
#

---------------  T H R E A D  ---------------

Current thread (0x1592f000):  JavaThread "JavaFX Application Thread" [_thread_in_native, id=11744, stack(0x16fc0000,0x17010000)]

siginfo: ExceptionCode=0xc0000005, reading address 0x00000014

Registers:
EAX=0x6262f494, EBX=0x26b6e000, ECX=0x00000000, EDX=0x27a3c6d4
ESP=0x1700ea3c, EBP=0x1700ea54, ESI=0x00000000, EDI=0x27b00d48
EIP=0x61552e22, EFLAGS=0x00210212

Top of Stack: (sp=0x1700ea3c)
0x1700ea3c:   6262f46c 00000000 fffffffc 27a3c6c8
0x1700ea4c:   1700ea54 1700ea68 1700ea68 61552395
0x1700ea5c:   1700eae4 26b6e0e0 27b00d48 1700ea74
0x1700ea6c:   61591894 1700eac4 1700ea80 615917ed
0x1700ea7c:   1700ea90 1700eaa4 62463d44 1700ea9c
0x1700ea8c:   1700eb08 00000000 1700eb08 26ae0688
0x1700ea9c:   27a3c238 1700ea01 1700ead4 62463bb5
0x1700eaac:   1700eb08 1700eac4 0013f7c0 2699460c 

Instructions: (pc=0x61552e22)
0x61552e02:   2b d7 0b 01 83 c4 08 8b c6 5e 5d c2 04 00 55 8b
0x61552e12:   ec 83 ec 08 56 8b f1 6a fc 6a 00 68 6c f4 62 62
0x61552e22:   8b 56 14 52 8b 02 83 e0 fe 8b 48 18 e8 5d 33 49
0x61552e32:   00 50 8d 45 f8 50 e8 93 20 04 00 83 c4 18 80 7e 


Register to memory mapping:

EAX=0x6262f494 is an unknown value
EBX=0x26b6e000 is an unknown value
ECX=0x00000000 is an unknown value
EDX=0x27a3c6d4 is an unknown value
ESP=0x1700ea3c is pointing into the stack for thread: 0x1592f000
EBP=0x1700ea54 is pointing into the stack for thread: 0x1592f000
ESI=0x00000000 is an unknown value
EDI=0x27b00d48 is an unknown value


Stack: [0x16fc0000,0x17010000],  sp=0x1700ea3c,  free space=314k
Native frames: (J=compiled Java code, j=interpreted, Vv=VM code, C=native code)
C  0x61552e22
C  0x61552395
C  0x61591894
C  0x615917ed
C  0x62463d44
C  0x62463bb5
C  0x62463fc5
C  0x23e5759d
C  0x61ee6a57
C  0x61ee673b
C  0x61ee673b
C  0x61ee66e8
C  0x61ee673b
C  0x61ee1a91
C  0x61efe4c2
C  0x61e2d2cc
C  0x61d69402
C  0x61e71db4
C  0x615823bb
C  0x6168842e
C  0x61963c5a
C  0x61c62b0c
j  com.sun.webkit.Timer.fireTimerEvent(J)V+45
j  com.sun.webkit.Timer.notifyTick()V+25
j  javafx.scene.web.WebEngine$PulseTimer.lambda$null$49()V+3
j  javafx.scene.web.WebEngine$PulseTimer$$Lambda$413.run()V+0
j  com.sun.javafx.application.PlatformImpl.lambda$null$172(Ljava/lang/Runnable;)Ljava/lang/Void;+1
j  com.sun.javafx.application.PlatformImpl$$Lambda$51.run()Ljava/lang/Object;+4
v  ~StubRoutines::call_stub
V  [jvm.dll+0x15b985]
V  [jvm.dll+0x22262e]
V  [jvm.dll+0x15ba1e]
V  [jvm.dll+0x10bbaf]
C  [java.dll+0x102f]
j  com.sun.javafx.application.PlatformImpl.lambda$runLater$173(Ljava/lang/Runnable;Ljava/security/AccessControlContext;)V+7
j  com.sun.javafx.application.PlatformImpl$$Lambda$50.run()V+8
j  com.sun.glass.ui.InvokeLaterDispatcher$Future.run()V+4
v  ~StubRoutines::call_stub
V  [jvm.dll+0x15b985]
V  [jvm.dll+0x22262e]
V  [jvm.dll+0x15ba1e]
V  [jvm.dll+0xdd5db]
V  [jvm.dll+0xe056c]
C  [glass.dll+0x469c]

Java frames: (J=compiled Java code, j=interpreted, Vv=VM code)
j  com.sun.webkit.Timer.twkFireTimerEvent()V+0
j  com.sun.webkit.Timer.fireTimerEvent(J)V+45
j  com.sun.webkit.Timer.notifyTick()V+25
j  javafx.scene.web.WebEngine$PulseTimer.lambda$null$49()V+3
j  javafx.scene.web.WebEngine$PulseTimer$$Lambda$413.run()V+0
j  com.sun.javafx.application.PlatformImpl.lambda$null$172(Ljava/lang/Runnable;)Ljava/lang/Void;+1
j  com.sun.javafx.application.PlatformImpl$$Lambda$51.run()Ljava/lang/Object;+4
v  ~StubRoutines::call_stub
J 2625  java.security.AccessController.doPrivileged(Ljava/security/PrivilegedAction;Ljava/security/AccessControlContext;)Ljava/lang/Object; (0 bytes) @ 0x026fd007 [0x026fcfa0+0x67]
j  com.sun.javafx.application.PlatformImpl.lambda$runLater$173(Ljava/lang/Runnable;Ljava/security/AccessControlContext;)V+7
j  com.sun.javafx.application.PlatformImpl$$Lambda$50.run()V+8
j  com.sun.glass.ui.InvokeLaterDispatcher$Future.run()V+4
v  ~StubRoutines::call_stub
j  com.sun.glass.ui.win.WinApplication._runLoop(Ljava/lang/Runnable;)V+0
j  com.sun.glass.ui.win.WinApplication.lambda$null$147(ILjava/lang/Runnable;)V+8
j  com.sun.glass.ui.win.WinApplication$$Lambda$39.run()V+12
j  java.lang.Thread.run()V+11
v  ~StubRoutines::call_stub

---------------  P R O C E S S  ---------------

Java Threads: ( => current thread )
  0x1fd49c00 JavaThread "JFXMedia Player EventQueueThread" daemon [_thread_blocked, id=1304, stack(0x2bf50000,0x2bfa0000)]
  0x1fd48000 JavaThread "JFXMedia Player EventQueueThread" daemon [_thread_blocked, id=9440, stack(0x2ba30000,0x2ba80000)]
  0x1fd47400 JavaThread "JFXMedia Player EventQueueThread" daemon [_thread_blocked, id=8256, stack(0x28cb0000,0x28d00000)]
  0x1fd48800 JavaThread "JFXMedia Player EventQueueThread" daemon [_thread_blocked, id=11788, stack(0x28a70000,0x28ac0000)]
  0x1fba0800 JavaThread "URL-Loader-5" daemon [_thread_blocked, id=5652, stack(0x27490000,0x274e0000)]
  0x1fba3c00 JavaThread "URL-Loader-4" daemon [_thread_blocked, id=5772, stack(0x27400000,0x27450000)]
  0x1fba0400 JavaThread "Thread-248" daemon [_thread_in_native, id=11648, stack(0x27370000,0x273c0000)]
  0x1fba1400 JavaThread "Keep-Alive-Timer" daemon [_thread_blocked, id=7544, stack(0x271c0000,0x27210000)]
  0x1fba3400 JavaThread "URL-Loader-3" daemon [_thread_blocked, id=9036, stack(0x26140000,0x26190000)]
  0x1fba1000 JavaThread "URL-Loader-2" daemon [_thread_blocked, id=7624, stack(0x260b0000,0x26100000)]
  0x1fba2000 JavaThread "URL-Loader-1" daemon [_thread_blocked, id=5268, stack(0x25f20000,0x25f70000)]
  0x1fba2800 JavaThread "Disposer" daemon [_thread_blocked, id=8392, stack(0x25e90000,0x25ee0000)]
  0x1fba3000 JavaThread "Media Resource Disposer" daemon [_thread_blocked, id=11656, stack(0x23890000,0x238e0000)]
  0x1fba1c00 JavaThread "JFXMedia Player EventQueueThread" daemon [_thread_blocked, id=5876, stack(0x20bb0000,0x20c00000)]
  0x15d62c00 JavaThread "JFXMedia Player EventQueueThread" daemon [_thread_blocked, id=9464, stack(0x1f780000,0x1f7d0000)]
  0x00a98c00 JavaThread "Prism Font Disposer" daemon [_thread_blocked, id=11972, stack(0x1d560000,0x1d5b0000)]
  0x159e3c00 JavaThread "Thread-5" daemon [_thread_in_native, id=9016, stack(0x1b390000,0x1b3e0000)]
=>0x1592f000 JavaThread "JavaFX Application Thread" [_thread_in_native, id=11744, stack(0x16fc0000,0x17010000)]
  0x1592e800 JavaThread "Thread-4" daemon [_thread_blocked, id=7920, stack(0x16f30000,0x16f80000)]
  0x15237000 JavaThread "QuantumRenderer-0" daemon [_thread_blocked, id=8328, stack(0x163f0000,0x16440000)]
  0x00aa8400 JavaThread "JavaFX-Launcher" [_thread_blocked, id=5140, stack(0x16360000,0x163b0000)]
  0x158b4800 JavaThread "com.legba.notes.app.Main.main()" [_thread_blocked, id=9912, stack(0x161d0000,0x16220000)]
  0x009d9000 JavaThread "Service Thread" daemon [_thread_blocked, id=6828, stack(0x14eb0000,0x14f00000)]
  0x009b6800 JavaThread "C1 CompilerThread0" daemon [_thread_blocked, id=596, stack(0x14e20000,0x14e70000)]
  0x009b5800 JavaThread "Attach Listener" daemon [_thread_blocked, id=6860, stack(0x14d90000,0x14de0000)]
  0x009a4800 JavaThread "Signal Dispatcher" daemon [_thread_blocked, id=11440, stack(0x14d00000,0x14d50000)]
  0x0099d800 JavaThread "Finalizer" daemon [_thread_blocked, id=7564, stack(0x14b80000,0x14bd0000)]
  0x00987800 JavaThread "Reference Handler" daemon [_thread_blocked, id=1824, stack(0x14af0000,0x14b40000)]
  0x008ee800 JavaThread "main" [_thread_blocked, id=9656, stack(0x02540000,0x02590000)]

Other Threads:
  0x00981800 VMThread [stack: 0x14a60000,0x14ab0000] [id=7768]
  0x009e4c00 WatcherThread [stack: 0x14f40000,0x14f90000] [id=7828]

VM state:not at safepoint (normal execution)

VM Mutex/Monitor currently owned by a thread: None

Heap:
 def new generation   total 19200K, used 2136K [0x04600000, 0x05ad0000, 0x09b50000)
  eden space 17088K,   5% used [0x04600000, 0x046ee080, 0x056b0000)
  from space 2112K,  56% used [0x056b0000, 0x057d81f0, 0x058c0000)
  to   space 2112K,   0% used [0x058c0000, 0x058c0000, 0x05ad0000)
 tenured generation   total 42480K, used 27809K [0x09b50000, 0x0c4cc000, 0x14600000)
   the space 42480K,  65% used [0x09b50000, 0x0b6785a0, 0x0b678600, 0x0c4cc000)
 Metaspace       used 23631K, capacity 24717K, committed 24832K, reserved 24960K

Card table byte_map: [0x008f0000,0x00980000] byte_map_base: 0x008cd000

Polling page: 0x00190000

CodeCache: size=32768Kb used=4426Kb max_used=4426Kb free=28341Kb
 bounds [0x02590000, 0x029e8000, 0x04590000]
 total_blobs=3129 nmethods=2671 adapters=388
 compilation: enabled

Compilation events (10 events):
Event: 10.691 Thread 0x009b6800 nmethod 2705 0x029dc348 code [0x029dc440, 0x029dc4c0]
Event: 10.691 Thread 0x009b6800 2706             java.util.concurrent.CountDownLatch::getCount (9 bytes)
Event: 10.691 Thread 0x009b6800 nmethod 2706 0x029dc508 code [0x029dc600, 0x029dc690]
Event: 10.691 Thread 0x009b6800 2707             java.util.concurrent.CountDownLatch$Sync::getCount (5 bytes)
Event: 10.691 Thread 0x009b6800 nmethod 2707 0x029dc708 code [0x029dc800, 0x029dc880]
Event: 10.691 Thread 0x009b6800 2708             com.sun.javafx.sg.prism.NGNode::render (38 bytes)
Event: 10.691 Thread 0x009b6800 nmethod 2708 0x029dc8c8 code [0x029dc9e0, 0x029dcad8]
Event: 10.691 Thread 0x009b6800 2709             com.sun.javafx.geom.transform.Identity::inverseTransform (20 bytes)
Event: 10.691 Thread 0x009b6800 nmethod 2709 0x029dcb48 code [0x029dcc40, 0x029dcd70]
Event: 10.691 Thread 0x009b6800 2710   !         javafx.scene.Node::impl_intersectsBounds (1005 bytes)

GC Heap History (10 events):
Event: 9.159 GC heap before
{Heap before GC invocations=47 (full 3):
 def new generation   total 12032K, used 12032K [0x04600000, 0x05300000, 0x09b50000)
  eden space 10752K, 100% used [0x04600000, 0x05080000, 0x05080000)
  from space 1280K, 100% used [0x05080000, 0x051c0000, 0x051c0000)
  to   space 1280K,   0% used [0x051c0000, 0x051c0000, 0x05300000)
 tenured generation   total 26556K, used 24473K [0x09b50000, 0x0b53f000, 0x14600000)
   the space 26556K,  92% used [0x09b50000, 0x0b336780, 0x0b336800, 0x0b53f000)
 Metaspace       used 22438K, capacity 23515K, committed 23552K, reserved 23936K
Event: 9.215 GC heap after
Heap after GC invocations=48 (full 4):
 def new generation   total 19200K, used 0K [0x04600000, 0x05ad0000, 0x09b50000)
  eden space 17088K,   0% used [0x04600000, 0x04600000, 0x056b0000)
  from space 2112K,   0% used [0x056b0000, 0x056b0000, 0x058c0000)
  to   space 2112K,   0% used [0x058c0000, 0x058c0000, 0x05ad0000)
 tenured generation   total 42480K, used 25486K [0x09b50000, 0x0c4cc000, 0x14600000)
   the space 42480K,  59% used [0x09b50000, 0x0b4338a0, 0x0b433a00, 0x0c4cc000)
 Metaspace       used 22427K, capacity 23498K, committed 23552K, reserved 23936K
}
Event: 10.392 GC heap before
{Heap before GC invocations=48 (full 4):
 def new generation   total 19200K, used 17088K [0x04600000, 0x05ad0000, 0x09b50000)
  eden space 17088K, 100% used [0x04600000, 0x056b0000, 0x056b0000)
  from space 2112K,   0% used [0x056b0000, 0x056b0000, 0x058c0000)
  to   space 2112K,   0% used [0x058c0000, 0x058c0000, 0x05ad0000)
 tenured generation   total 42480K, used 25486K [0x09b50000, 0x0c4cc000, 0x14600000)
   the space 42480K,  59% used [0x09b50000, 0x0b4338a0, 0x0b433a00, 0x0c4cc000)
 Metaspace       used 23625K, capacity 24717K, committed 24832K, reserved 24960K
Event: 10.404 GC heap after
Heap after GC invocations=49 (full 4):
 def new generation   total 19200K, used 2112K [0x04600000, 0x05ad0000, 0x09b50000)
  eden space 17088K,   0% used [0x04600000, 0x04600000, 0x056b0000)
  from space 2112K, 100% used [0x058c0000, 0x05ad0000, 0x05ad0000)
  to   space 2112K,   0% used [0x056b0000, 0x056b0000, 0x058c0000)
 tenured generation   total 42480K, used 26179K [0x09b50000, 0x0c4cc000, 0x14600000)
   the space 42480K,  61% used [0x09b50000, 0x0b4e0ea8, 0x0b4e1000, 0x0c4cc000)
 Metaspace       used 23625K, capacity 24717K, committed 24832K, reserved 24960K
}
Event: 10.520 GC heap before
{Heap before GC invocations=49 (full 4):
 def new generation   total 19200K, used 19200K [0x04600000, 0x05ad0000, 0x09b50000)
  eden space 17088K, 100% used [0x04600000, 0x056b0000, 0x056b0000)
  from space 2112K, 100% used [0x058c0000, 0x05ad0000, 0x05ad0000)
  to   space 2112K,   0% used [0x056b0000, 0x056b0000, 0x058c0000)
 tenured generation   total 42480K, used 26179K [0x09b50000, 0x0c4cc000, 0x14600000)
   the space 42480K,  61% used [0x09b50000, 0x0b4e0ea8, 0x0b4e1000, 0x0c4cc000)
 Metaspace       used 23631K, capacity 24717K, committed 24832K, reserved 24960K
Event: 10.524 GC heap after
Heap after GC invocations=50 (full 4):
 def new generation   total 19200K, used 457K [0x04600000, 0x05ad0000, 0x09b50000)
  eden space 17088K,   0% used [0x04600000, 0x04600000, 0x056b0000)
  from space 2112K,  21% used [0x056b0000, 0x05722490, 0x058c0000)
  to   space 2112K,   0% used [0x058c0000, 0x058c0000, 0x05ad0000)
 tenured generation   total 42480K, used 27809K [0x09b50000, 0x0c4cc000, 0x14600000)
   the space 42480K,  65% used [0x09b50000, 0x0b6785a0, 0x0b678600, 0x0c4cc000)
 Metaspace       used 23631K, capacity 24717K, committed 24832K, reserved 24960K
}
Event: 10.577 GC heap before
{Heap before GC invocations=50 (full 4):
 def new generation   total 19200K, used 17545K [0x04600000, 0x05ad0000, 0x09b50000)
  eden space 17088K, 100% used [0x04600000, 0x056b0000, 0x056b0000)
  from space 2112K,  21% used [0x056b0000, 0x05722490, 0x058c0000)
  to   space 2112K,   0% used [0x058c0000, 0x058c0000, 0x05ad0000)
 tenured generation   total 42480K, used 27809K [0x09b50000, 0x0c4cc000, 0x14600000)
   the space 42480K,  65% used [0x09b50000, 0x0b6785a0, 0x0b678600, 0x0c4cc000)
 Metaspace       used 23631K, capacity 24717K, committed 24832K, reserved 24960K
Event: 10.580 GC heap after
Heap after GC invocations=51 (full 4):
 def new generation   total 19200K, used 932K [0x04600000, 0x05ad0000, 0x09b50000)
  eden space 17088K,   0% used [0x04600000, 0x04600000, 0x056b0000)
  from space 2112K,  44% used [0x058c0000, 0x059a90b8, 0x05ad0000)
  to   space 2112K,   0% used [0x056b0000, 0x056b0000, 0x058c0000)
 tenured generation   total 42480K, used 27809K [0x09b50000, 0x0c4cc000, 0x14600000)
   the space 42480K,  65% used [0x09b50000, 0x0b6785a0, 0x0b678600, 0x0c4cc000)
 Metaspace       used 23631K, capacity 24717K, committed 24832K, reserved 24960K
}
Event: 10.628 GC heap before
{Heap before GC invocations=51 (full 4):
 def new generation   total 19200K, used 18020K [0x04600000, 0x05ad0000, 0x09b50000)
  eden space 17088K, 100% used [0x04600000, 0x056b0000, 0x056b0000)
  from space 2112K,  44% used [0x058c0000, 0x059a90b8, 0x05ad0000)
  to   space 2112K,   0% used [0x056b0000, 0x056b0000, 0x058c0000)
 tenured generation   total 42480K, used 27809K [0x09b50000, 0x0c4cc000, 0x14600000)
   the space 42480K,  65% used [0x09b50000, 0x0b6785a0, 0x0b678600, 0x0c4cc000)
 Metaspace       used 23631K, capacity 24717K, committed 24832K, reserved 24960K
Event: 10.632 GC heap after
Heap after GC invocations=52 (full 4):
 def new generation   total 19200K, used 1184K [0x04600000, 0x05ad0000, 0x09b50000)
  eden space 17088K,   0% used [0x04600000, 0x04600000, 0x056b0000)
  from space 2112K,  56% used [0x056b0000, 0x057d81f0, 0x058c0000)
  to   space 2112K,   0% used [0x058c0000, 0x058c0000, 0x05ad0000)
 tenured generation   total 42480K, used 27809K [0x09b50000, 0x0c4cc000, 0x14600000)
   the space 42480K,  65% used [0x09b50000, 0x0b6785a0, 0x0b678600, 0x0c4cc000)
 Metaspace       used 23631K, capacity 24717K, committed 24832K, reserved 24960K
}

Deoptimization events (0 events):
No events

Classes redefined (0 events):
No events

Internal exceptions (10 events):
Event: 8.735 Thread 0x1592f000 Exception <a 'java/lang/ArrayIndexOutOfBoundsException'> (0x04617b58) thrown at [C:\re\workspace\8-2-build-windows-i586-cygwin\jdk8u171\10807\hotspot\src\share\vm\runtime\sharedRuntime.cpp, line 605]
Event: 8.817 Thread 0x1592f000 Exception <a 'java/io/FileNotFoundException'> (0x04b8eb90) thrown at [C:\re\workspace\8-2-build-windows-i586-cygwin\jdk8u171\10807\hotspot\src\share\vm\prims\jni.cpp, line 709]
Event: 8.826 Thread 0x1592f000 Implicit null exception at 0x0282d4e0 to 0x0282ebcf
Event: 8.917 Thread 0x1592f000 Implicit null exception at 0x0290cc13 to 0x0290ce09
Event: 9.621 Thread 0x15237000 Exception <a 'java/lang/ArrayIndexOutOfBoundsException'> (0x05453c90) thrown at [C:\re\workspace\8-2-build-windows-i586-cygwin\jdk8u171\10807\hotspot\src\share\vm\runtime\sharedRuntime.cpp, line 605]
Event: 9.621 Thread 0x15237000 Exception <a 'java/lang/ArrayIndexOutOfBoundsException'> (0x05454090) thrown at [C:\re\workspace\8-2-build-windows-i586-cygwin\jdk8u171\10807\hotspot\src\share\vm\runtime\sharedRuntime.cpp, line 605]
Event: 10.513 Thread 0x1592f000 Exception <a 'java/lang/NullPointerException'> (0x055c7288) thrown at [C:\re\workspace\8-2-build-windows-i586-cygwin\jdk8u171\10807\hotspot\src\share\vm\interpreter\linkResolver.cpp, line 1287]
Event: 10.533 Thread 0x1592f000 Exception <a 'java/lang/NullPointerException'> (0x04605e98) thrown at [C:\re\workspace\8-2-build-windows-i586-cygwin\jdk8u171\10807\hotspot\src\share\vm\interpreter\linkResolver.cpp, line 1287]
Event: 10.570 Thread 0x1592f000 Exception <a 'java/lang/NullPointerException'> (0x053ce788) thrown at [C:\re\workspace\8-2-build-windows-i586-cygwin\jdk8u171\10807\hotspot\src\share\vm\interpreter\linkResolver.cpp, line 1287]
Event: 10.589 Thread 0x1592f000 Exception <a 'java/lang/NullPointerException'> (0x04605e98) thrown at [C:\re\workspace\8-2-build-windows-i586-cygwin\jdk8u171\10807\hotspot\src\share\vm\interpreter\linkResolver.cpp, line 1287]

Events (10 events):
Event: 10.688 Executing VM operation: RevokeBias
Event: 10.688 Executing VM operation: RevokeBias done
Event: 10.688 Executing VM operation: RevokeBias
Event: 10.688 Executing VM operation: RevokeBias done
Event: 10.688 Executing VM operation: RevokeBias
Event: 10.688 Executing VM operation: RevokeBias done
Event: 10.689 Executing VM operation: RevokeBias
Event: 10.689 Executing VM operation: RevokeBias done
Event: 10.689 Executing VM operation: RevokeBias
Event: 10.689 Executing VM operation: RevokeBias done


Dynamic libraries:
0x00fa0000 - 0x00fd3000 	C:\Program Files (x86)\Java\jdk1.8.0_171\bin\javaw.exe
0x77db0000 - 0x77f3e000 	C:\WINDOWS\SYSTEM32\ntdll.dll
0x77ac0000 - 0x77b90000 	C:\WINDOWS\System32\KERNEL32.DLL
0x778d0000 - 0x77a91000 	C:\WINDOWS\System32\KERNELBASE.dll
0x76aa0000 - 0x76b17000 	C:\WINDOWS\System32\ADVAPI32.dll
0x74c80000 - 0x74d3d000 	C:\WINDOWS\System32\msvcrt.dll
0x76760000 - 0x767a1000 	C:\WINDOWS\System32\sechost.dll
0x74a90000 - 0x74b50000 	C:\WINDOWS\System32\RPCRT4.dll
0x74880000 - 0x748a0000 	C:\WINDOWS\System32\SspiCli.dll
0x74870000 - 0x7487a000 	C:\WINDOWS\System32\CRYPTBASE.dll
0x74990000 - 0x749e7000 	C:\WINDOWS\System32\bcryptPrimitives.dll
0x770b0000 - 0x771ec000 	C:\WINDOWS\System32\USER32.dll
0x766f0000 - 0x76706000 	C:\WINDOWS\System32\win32u.dll
0x76090000 - 0x760b1000 	C:\WINDOWS\System32\GDI32.dll
0x771f0000 - 0x77348000 	C:\WINDOWS\System32\gdi32full.dll
0x74c00000 - 0x74c79000 	C:\WINDOWS\System32\msvcp_win.dll
0x767b0000 - 0x768c8000 	C:\WINDOWS\System32\ucrtbase.dll
0x74120000 - 0x7432e000 	C:\WINDOWS\WinSxS\x86_microsoft.windows.common-controls_6595b64144ccf1df_6.0.15063.1058_none_887484c43e23e7c3\COMCTL32.dll
0x77690000 - 0x778c8000 	C:\WINDOWS\System32\combase.dll
0x77d70000 - 0x77d95000 	C:\WINDOWS\System32\IMM32.DLL
0x69c50000 - 0x69d0f000 	C:\Program Files (x86)\Java\jdk1.8.0_171\jre\bin\msvcr100.dll
0x65dc0000 - 0x66191000 	C:\Program Files (x86)\Java\jdk1.8.0_171\jre\bin\client\jvm.dll
0x774a0000 - 0x774a6000 	C:\WINDOWS\System32\PSAPI.DLL
0x728f0000 - 0x728f8000 	C:\WINDOWS\SYSTEM32\WSOCK32.dll
0x74450000 - 0x74474000 	C:\WINDOWS\SYSTEM32\WINMM.dll
0x744a0000 - 0x744a8000 	C:\WINDOWS\SYSTEM32\VERSION.dll
0x77620000 - 0x77687000 	C:\WINDOWS\System32\WS2_32.dll
0x740d0000 - 0x740f3000 	C:\WINDOWS\SYSTEM32\winmmbase.dll
0x766b0000 - 0x766e9000 	C:\WINDOWS\System32\cfgmgr32.dll
0x69c40000 - 0x69c4c000 	C:\Program Files (x86)\Java\jdk1.8.0_171\jre\bin\verify.dll
0x69c10000 - 0x69c32000 	C:\Program Files (x86)\Java\jdk1.8.0_171\jre\bin\java.dll
0x69bf0000 - 0x69c04000 	C:\Program Files (x86)\Java\jdk1.8.0_171\jre\bin\zip.dll
0x74d40000 - 0x76089000 	C:\WINDOWS\System32\SHELL32.dll
0x74b70000 - 0x74bfc000 	C:\WINDOWS\System32\shcore.dll
0x76b20000 - 0x770a7000 	C:\WINDOWS\System32\windows.storage.dll
0x768d0000 - 0x76915000 	C:\WINDOWS\System32\shlwapi.dll
0x760c0000 - 0x760ce000 	C:\WINDOWS\System32\kernel.appcore.dll
0x77450000 - 0x77495000 	C:\WINDOWS\System32\powrprof.dll
0x77da0000 - 0x77db0000 	C:\WINDOWS\System32\profapi.dll
0x69bd0000 - 0x69be5000 	C:\Program Files (x86)\Java\jdk1.8.0_171\jre\bin\net.dll
0x72930000 - 0x7297e000 	C:\WINDOWS\system32\mswsock.dll
0x69bc0000 - 0x69bcf000 	C:\Program Files (x86)\Java\jdk1.8.0_171\jre\bin\nio.dll
0x69110000 - 0x69113000 	C:\Program Files (x86)\Java\jdk1.8.0_171\jre\bin\api-ms-win-core-console-l1-1-0.dll
0x69100000 - 0x69103000 	C:\Program Files (x86)\Java\jdk1.8.0_171\jre\bin\api-ms-win-core-datetime-l1-1-0.dll
0x690f0000 - 0x690f3000 	C:\Program Files (x86)\Java\jdk1.8.0_171\jre\bin\api-ms-win-core-debug-l1-1-0.dll
0x690e0000 - 0x690e3000 	C:\Program Files (x86)\Java\jdk1.8.0_171\jre\bin\api-ms-win-core-errorhandling-l1-1-0.dll
0x690d0000 - 0x690d4000 	C:\Program Files (x86)\Java\jdk1.8.0_171\jre\bin\api-ms-win-core-file-l1-1-0.dll
0x690c0000 - 0x690c3000 	C:\Program Files (x86)\Java\jdk1.8.0_171\jre\bin\api-ms-win-core-file-l1-2-0.dll
0x69040000 - 0x69043000 	C:\Program Files (x86)\Java\jdk1.8.0_171\jre\bin\api-ms-win-core-file-l2-1-0.dll
0x66a60000 - 0x66a63000 	C:\Program Files (x86)\Java\jdk1.8.0_171\jre\bin\api-ms-win-core-handle-l1-1-0.dll
0x66a50000 - 0x66a53000 	C:\Program Files (x86)\Java\jdk1.8.0_171\jre\bin\api-ms-win-core-heap-l1-1-0.dll
0x66a40000 - 0x66a43000 	C:\Program Files (x86)\Java\jdk1.8.0_171\jre\bin\api-ms-win-core-interlocked-l1-1-0.dll
0x66a30000 - 0x66a33000 	C:\Program Files (x86)\Java\jdk1.8.0_171\jre\bin\api-ms-win-core-libraryloader-l1-1-0.dll
0x66a20000 - 0x66a23000 	C:\Program Files (x86)\Java\jdk1.8.0_171\jre\bin\api-ms-win-core-localization-l1-2-0.dll
0x66a10000 - 0x66a13000 	C:\Program Files (x86)\Java\jdk1.8.0_171\jre\bin\api-ms-win-core-memory-l1-1-0.dll
0x66a00000 - 0x66a03000 	C:\Program Files (x86)\Java\jdk1.8.0_171\jre\bin\api-ms-win-core-namedpipe-l1-1-0.dll
0x669f0000 - 0x669f3000 	C:\Program Files (x86)\Java\jdk1.8.0_171\jre\bin\api-ms-win-core-processenvironment-l1-1-0.dll
0x669e0000 - 0x669e3000 	C:\Program Files (x86)\Java\jdk1.8.0_171\jre\bin\api-ms-win-core-processthreads-l1-1-0.dll
0x669d0000 - 0x669d3000 	C:\Program Files (x86)\Java\jdk1.8.0_171\jre\bin\api-ms-win-core-processthreads-l1-1-1.dll
0x669c0000 - 0x669c3000 	C:\Program Files (x86)\Java\jdk1.8.0_171\jre\bin\api-ms-win-core-profile-l1-1-0.dll
0x669b0000 - 0x669b3000 	C:\Program Files (x86)\Java\jdk1.8.0_171\jre\bin\api-ms-win-core-rtlsupport-l1-1-0.dll
0x669a0000 - 0x669a3000 	C:\Program Files (x86)\Java\jdk1.8.0_171\jre\bin\api-ms-win-core-string-l1-1-0.dll
0x66990000 - 0x66993000 	C:\Program Files (x86)\Java\jdk1.8.0_171\jre\bin\api-ms-win-core-synch-l1-1-0.dll
0x66980000 - 0x66983000 	C:\Program Files (x86)\Java\jdk1.8.0_171\jre\bin\api-ms-win-core-synch-l1-2-0.dll
0x66970000 - 0x66973000 	C:\Program Files (x86)\Java\jdk1.8.0_171\jre\bin\api-ms-win-core-sysinfo-l1-1-0.dll
0x66960000 - 0x66963000 	C:\Program Files (x86)\Java\jdk1.8.0_171\jre\bin\api-ms-win-core-timezone-l1-1-0.dll
0x66950000 - 0x66953000 	C:\Program Files (x86)\Java\jdk1.8.0_171\jre\bin\api-ms-win-core-util-l1-1-0.dll
0x66940000 - 0x66943000 	C:\Program Files (x86)\Java\jdk1.8.0_171\jre\bin\api-ms-win-crt-conio-l1-1-0.dll
0x66930000 - 0x66934000 	C:\Program Files (x86)\Java\jdk1.8.0_171\jre\bin\api-ms-win-crt-convert-l1-1-0.dll
0x66920000 - 0x66923000 	C:\Program Files (x86)\Java\jdk1.8.0_171\jre\bin\api-ms-win-crt-environment-l1-1-0.dll
0x66910000 - 0x66913000 	C:\Program Files (x86)\Java\jdk1.8.0_171\jre\bin\api-ms-win-crt-filesystem-l1-1-0.dll
0x66900000 - 0x66903000 	C:\Program Files (x86)\Java\jdk1.8.0_171\jre\bin\api-ms-win-crt-heap-l1-1-0.dll
0x65db0000 - 0x65db3000 	C:\Program Files (x86)\Java\jdk1.8.0_171\jre\bin\api-ms-win-crt-locale-l1-1-0.dll
0x65da0000 - 0x65da5000 	C:\Program Files (x86)\Java\jdk1.8.0_171\jre\bin\api-ms-win-crt-math-l1-1-0.dll
0x65d90000 - 0x65d95000 	C:\Program Files (x86)\Java\jdk1.8.0_171\jre\bin\api-ms-win-crt-multibyte-l1-1-0.dll
0x65d80000 - 0x65d90000 	C:\Program Files (x86)\Java\jdk1.8.0_171\jre\bin\api-ms-win-crt-private-l1-1-0.dll
0x65d70000 - 0x65d73000 	C:\Program Files (x86)\Java\jdk1.8.0_171\jre\bin\api-ms-win-crt-process-l1-1-0.dll
0x65d60000 - 0x65d64000 	C:\Program Files (x86)\Java\jdk1.8.0_171\jre\bin\api-ms-win-crt-runtime-l1-1-0.dll
0x65d50000 - 0x65d54000 	C:\Program Files (x86)\Java\jdk1.8.0_171\jre\bin\api-ms-win-crt-stdio-l1-1-0.dll
0x65d40000 - 0x65d44000 	C:\Program Files (x86)\Java\jdk1.8.0_171\jre\bin\api-ms-win-crt-string-l1-1-0.dll
0x65d30000 - 0x65d33000 	C:\Program Files (x86)\Java\jdk1.8.0_171\jre\bin\api-ms-win-crt-time-l1-1-0.dll
0x65d20000 - 0x65d23000 	C:\Program Files (x86)\Java\jdk1.8.0_171\jre\bin\api-ms-win-crt-utility-l1-1-0.dll
0x65c00000 - 0x65d18000 	C:\Program Files (x86)\Java\jdk1.8.0_171\jre\bin\ucrtbase.dll
0x65bc0000 - 0x65bfb000 	C:\Program Files (x86)\Java\jdk1.8.0_171\jre\bin\concrt140.dll
0x65b30000 - 0x65b45000 	C:\WINDOWS\SYSTEM32\VCRUNTIME140.dll
0x65b50000 - 0x65bbd000 	C:\WINDOWS\SYSTEM32\MSVCP140.dll
0x65b10000 - 0x65b24000 	C:\Program Files (x86)\Java\jdk1.8.0_171\jre\bin\vcruntime140.dll
0x65aa0000 - 0x65b0c000 	C:\Program Files (x86)\Java\jdk1.8.0_171\jre\bin\msvcp140.dll
0x65a80000 - 0x65a9f000 	C:\Program Files (x86)\Java\jdk1.8.0_171\jre\bin\prism_d3d.dll
0x6b320000 - 0x6b482000 	C:\WINDOWS\system32\d3d9.dll
0x72ae0000 - 0x72b03000 	C:\WINDOWS\SYSTEM32\dwmapi.dll
0x72b30000 - 0x72ba8000 	C:\WINDOWS\system32\uxtheme.dll
0x6b230000 - 0x6b2eb000 	C:\WINDOWS\System32\DriverStore\FileRepository\nv_ref_pubwu.inf_amd64_c0f7a2f5b2e4e6e0\nvldumd.dll
0x76920000 - 0x76a9d000 	C:\WINDOWS\System32\crypt32.dll
0x77aa0000 - 0x77aae000 	C:\WINDOWS\System32\MSASN1.dll
0x76710000 - 0x76755000 	C:\WINDOWS\System32\WINTRUST.DLL
0x74b50000 - 0x74b69000 	C:\WINDOWS\System32\imagehlp.dll
0x72850000 - 0x72863000 	C:\WINDOWS\SYSTEM32\CRYPTSP.dll
0x72820000 - 0x7284f000 	C:\WINDOWS\system32\rsaenh.dll
0x74630000 - 0x74648000 	C:\WINDOWS\SYSTEM32\bcrypt.dll
0x6a3e0000 - 0x6b222000 	C:\WINDOWS\System32\DriverStore\FileRepository\nv_ref_pubwu.inf_amd64_c0f7a2f5b2e4e6e0\nvd3dum.dll
0x65a40000 - 0x65a78000 	C:\Program Files (x86)\Java\jdk1.8.0_171\jre\bin\glass.dll
0x77b90000 - 0x77c7f000 	C:\WINDOWS\System32\COMDLG32.dll
0x77350000 - 0x77443000 	C:\WINDOWS\System32\ole32.dll
0x749f0000 - 0x74a86000 	C:\WINDOWS\System32\OLEAUT32.dll
0x76560000 - 0x766a6000 	C:\WINDOWS\System32\MSCTF.dll
0x6a310000 - 0x6a3da000 	C:\Program Files (x86)\NVIDIA Corporation\3D Vision\nvSCPAPI.dll
0x760d0000 - 0x764ea000 	C:\WINDOWS\System32\SETUPAPI.dll
0x748a0000 - 0x74923000 	C:\WINDOWS\System32\clbcatq.dll
0x70800000 - 0x70971000 	C:\WINDOWS\SYSTEM32\WindowsCodecs.dll
0x719c0000 - 0x71a03000 	C:\WINDOWS\system32\dataexchange.dll
0x71480000 - 0x716d1000 	C:\WINDOWS\system32\d3d11.dll
0x718d0000 - 0x719ba000 	C:\WINDOWS\system32\dcomp.dll
0x713f0000 - 0x7147a000 	C:\WINDOWS\system32\dxgi.dll
0x712b0000 - 0x713e6000 	C:\WINDOWS\system32\twinapi.appcore.dll
0x65a10000 - 0x65a35000 	C:\Program Files (x86)\Common Files\Microsoft Shared\Ink\rtscom.dll
0x71240000 - 0x712a7000 	C:\WINDOWS\System32\TextInputFramework.dll
0x71010000 - 0x71237000 	C:\WINDOWS\System32\CoreUIComponents.dll
0x70f80000 - 0x7100f000 	C:\WINDOWS\System32\CoreMessaging.dll
0x727b0000 - 0x727d8000 	C:\WINDOWS\SYSTEM32\ntmarta.dll
0x718c0000 - 0x718d0000 	C:\WINDOWS\SYSTEM32\usermgrcli.dll
0x6b8c0000 - 0x6b991000 	C:\WINDOWS\SYSTEM32\wintypes.dll
0x65a00000 - 0x65a10000 	C:\Program Files (x86)\Java\jdk1.8.0_171\jre\bin\javafx_font.dll
0x68d80000 - 0x68fc7000 	C:\WINDOWS\SYSTEM32\dwrite.dll
0x66400000 - 0x66900000 	C:\WINDOWS\SYSTEM32\d2d1.dll
0x661a0000 - 0x663fc000 	C:\WINDOWS\SYSTEM32\D3D10Warp.dll
0x659f0000 - 0x659ff000 	C:\Program Files (x86)\Java\jdk1.8.0_171\jre\bin\prism_common.dll
0x659c0000 - 0x659e1000 	C:\Program Files (x86)\Java\jdk1.8.0_171\jre\bin\javafx_iio.dll

VM Arguments:
jvm_args: -Dmaven.home=EMBEDDED -Dclassworlds.conf=H:\SWENG\SWEng\.metadata\.plugins\org.eclipse.m2e.launching\launches\m2conf7601784085286773271.tmp -Dmaven.multiModuleProjectDirectory=H:\SWENG\SWEng\Notes -Dfile.encoding=Cp1252 
java_command: org.codehaus.plexus.classworlds.launcher.Launcher -B jfx:run
java_class_path (initial): /C:/ECLIPSE/plugins/org.eclipse.m2e.maven.runtime_1.6.2.20150902-0001/jars/plexus-classworlds-2.5.2.jar
Launcher Type: SUN_STANDARD

Environment Variables:
PATH=C:/Program Files (x86)/Java/jre1.8.0_171/bin/client;C:/Program Files (x86)/Java/jre1.8.0_171/bin;C:/Program Files (x86)/Java/jre1.8.0_171/lib/i386;C:\Program Files (x86)\Common Files\Oracle\Java\javapath;C:\Program Files (x86)\Intel\MPI-RT\4.1.3.045\em64t\bin;C:\Program Files (x86)\Intel\MPI-RT\4.1.3.045\ia32\bin;C:\WINDOWS\system32;C:\WINDOWS;C:\WINDOWS\System32\Wbem;C:\WINDOWS\System32\WindowsPowerShell\v1.0\;C:\Program Files (x86)\Symyx\Symyx Draw 4.0\lib;C:\Apps\Anaconda3;C:\Apps\Anaconda3\Scripts;C:\Apps\Anaconda3\Library\bin;C:\TeX\MiKTeX\miktex\bin\;C:\Program Files\MATLAB\R2017a\runtime\win64;C:\Program Files\MATLAB\R2017a\bin;C:\APPS\MINGW\bin;C:\Program Files\Microsoft SQL Server\120\Tools\Binn\;C:\Program Files (x86)\PuTTY;C:\Program Files\IBM\SPSS\Statistics\24\JRE\bin;C:\Program Files (x86)\Common Files\Propellerhead Software\ReWire\;C:\Program Files\Common Files\Propellerhead Software\ReWire\;C:\TEX\texlive\2016\bin\win32;C:\Program Files\Git\cmd;C:\Program Files (x86)\IT Services\Tools\;C:\Program Files (x86)\IVI Foundation\VISA\WinNT\Bin\;C:\Program Files\IVI Foundation\VISA\Win64\Bin\;C:\Program Files (x86)\Windows Kits\8.1\Windows Performance Toolkit\;C:\Program Files\Csound6_x64\bin;C:\Program Files (x86)\LyX 2.2\Perl\bin;C:\Program Files (x86)\COPASI 4.5.30\bin\;C:\Program Files (x86)\Intel\Intel(R) Management Engine Components\DAL;C:\Program Files\Intel\Intel(R) Management Engine Components\DAL;C:\Program Files (x86)\Intel\Intel(R) Management Engine Components\IPT;C:\Program Files\Intel\Intel(R) Management Engine Components\IPT;C:\Program Files (x86)\Java\jdk1.8.0_171\bin;C:\Users\lr870\AppData\Local\Microsoft\WindowsApps;;C:\ECLIPSE;
USERNAME=lr870
OS=Windows_NT
PROCESSOR_IDENTIFIER=Intel64 Family 6 Model 60 Stepping 3, GenuineIntel



---------------  S Y S T E M  ---------------

OS: Windows 10.0 , 64 bit Build 15063 (10.0.15063.1058)

CPU:total 8 (initial active 8) (4 cores per cpu, 2 threads per core) family 6 model 60 stepping 3, cmov, cx8, fxsr, mmx, sse, sse2, sse3, ssse3, sse4.1, sse4.2, popcnt, avx, avx2, aes, clmul, erms, lzcnt, ht, tsc, tscinvbit, bmi1, bmi2

Memory: 4k page, physical 8224332k(4109332k free), swap 9535052k(5244112k free)

vm_info: Java HotSpot(TM) Client VM (25.171-b11) for windows-x86 JRE (1.8.0_171-b11), built on Mar 28 2018 14:51:22 by "java_re" with MS VC++ 10.0 (VS2010)

time: Fri Jun 01 17:20:36 2018
elapsed time: 10 seconds (0d 0h 0m 10s)

