#
# A fatal error has been detected by the Java Runtime Environment:
#
#  EXCEPTION_ACCESS_VIOLATION (0xc0000005) at pc=0x62322e22, pid=8932, tid=0x00002174
#
# JRE version: Java(TM) SE Runtime Environment (8.0_171-b11) (build 1.8.0_171-b11)
# Java VM: Java HotSpot(TM) Client VM (25.171-b11 mixed mode, sharing windows-x86 )
# Problematic frame:
# C  0x62322e22
#
# Failed to write core dump. Minidumps are not enabled by default on client versions of Windows
#
# If you would like to submit a bug report, please visit:
#   http://bugreport.java.com/bugreport/crash.jsp
# The crash happened outside the Java Virtual Machine in native code.
# See problematic frame for where to report the bug.
#

---------------  T H R E A D  ---------------

Current thread (0x16663400):  JavaThread "JavaFX Application Thread" [_thread_in_native, id=8564, stack(0x17590000,0x175e0000)]

siginfo: ExceptionCode=0xc0000005, reading address 0x00000014

Registers:
EAX=0x633ff494, EBX=0x1e413d00, ECX=0x00000000, EDX=0x27ee0644
ESP=0x175de51c, EBP=0x175de534, ESI=0x00000000, EDI=0x27f6b458
EIP=0x62322e22, EFLAGS=0x00210212

Top of Stack: (sp=0x175de51c)
0x175de51c:   633ff46c 00000000 fffffffc 27ee0638
0x175de52c:   175de534 175de548 175de548 62322395
0x175de53c:   175de5c4 1e413da0 27f6b458 175de554
0x175de54c:   62361894 175de5a4 175de560 623617ed
0x175de55c:   175de570 175de584 63233d44 175de57c
0x175de56c:   175de5e8 00000000 175de5e8 28089f20
0x175de57c:   27f6bc30 175de501 175de5b4 63233bb5
0x175de58c:   175de5e8 175de5a4 0013f7c0 1e2cfe6c 

Instructions: (pc=0x62322e22)
0x62322e02:   2b d7 0b 01 83 c4 08 8b c6 5e 5d c2 04 00 55 8b
0x62322e12:   ec 83 ec 08 56 8b f1 6a fc 6a 00 68 6c f4 3f 63
0x62322e22:   8b 56 14 52 8b 02 83 e0 fe 8b 48 18 e8 5d 33 49
0x62322e32:   00 50 8d 45 f8 50 e8 93 20 04 00 83 c4 18 80 7e 


Register to memory mapping:

EAX=0x633ff494 is an unknown value
EBX=0x1e413d00 is an unknown value
ECX=0x00000000 is an unknown value
EDX=0x27ee0644 is an unknown value
ESP=0x175de51c is pointing into the stack for thread: 0x16663400
EBP=0x175de534 is pointing into the stack for thread: 0x16663400
ESI=0x00000000 is an unknown value
EDI=0x27f6b458 is an unknown value


Stack: [0x17590000,0x175e0000],  sp=0x175de51c,  free space=313k
Native frames: (J=compiled Java code, j=interpreted, Vv=VM code, C=native code)
C  0x62322e22
C  0x62322395
C  0x62361894
C  0x623617ed
C  0x63233d44
C  0x63233bb5
C  0x63233fc5
C  0x233c759d
C  0x62cb6a57
C  0x62cb673b
C  0x62cb673b
C  0x62cb66e8
C  0x62cb673b
C  0x62cb1a91
C  0x62cce4c2
C  0x62bfd2cc
C  0x62b39402
C  0x62c41db4
C  0x623523bb
C  0x6245842e
C  0x62733c5a
C  0x62a32b0c
j  com.sun.webkit.Timer.fireTimerEvent(J)V+45
j  com.sun.webkit.Timer.notifyTick()V+25
j  javafx.scene.web.WebEngine$PulseTimer.lambda$null$49()V+3
j  javafx.scene.web.WebEngine$PulseTimer$$Lambda$374.run()V+0
j  com.sun.javafx.application.PlatformImpl.lambda$null$172(Ljava/lang/Runnable;)Ljava/lang/Void;+1
j  com.sun.javafx.application.PlatformImpl$$Lambda$51.run()Ljava/lang/Object;+4
v  ~StubRoutines::call_stub
V  [jvm.dll+0x15b985]
V  [jvm.dll+0x22262e]
V  [jvm.dll+0x15ba1e]
V  [jvm.dll+0x10bbaf]
C  [java.dll+0x102f]
j  com.sun.javafx.application.PlatformImpl.lambda$runLater$173(Ljava/lang/Runnable;Ljava/security/AccessControlContext;)V+7
j  com.sun.javafx.application.PlatformImpl$$Lambda$50.run()V+8
j  com.sun.glass.ui.InvokeLaterDispatcher$Future.run()V+4
v  ~StubRoutines::call_stub
V  [jvm.dll+0x15b985]
V  [jvm.dll+0x22262e]
V  [jvm.dll+0x15ba1e]
V  [jvm.dll+0xdd5db]
V  [jvm.dll+0xe056c]
C  [glass.dll+0x469c]

Java frames: (J=compiled Java code, j=interpreted, Vv=VM code)
j  com.sun.webkit.Timer.twkFireTimerEvent()V+0
j  com.sun.webkit.Timer.fireTimerEvent(J)V+45
j  com.sun.webkit.Timer.notifyTick()V+25
j  javafx.scene.web.WebEngine$PulseTimer.lambda$null$49()V+3
j  javafx.scene.web.WebEngine$PulseTimer$$Lambda$374.run()V+0
j  com.sun.javafx.application.PlatformImpl.lambda$null$172(Ljava/lang/Runnable;)Ljava/lang/Void;+1
j  com.sun.javafx.application.PlatformImpl$$Lambda$51.run()Ljava/lang/Object;+4
v  ~StubRoutines::call_stub
J 1648  java.security.AccessController.doPrivileged(Ljava/security/PrivilegedAction;Ljava/security/AccessControlContext;)Ljava/lang/Object; (0 bytes) @ 0x026bf6c7 [0x026bf660+0x67]
j  com.sun.javafx.application.PlatformImpl.lambda$runLater$173(Ljava/lang/Runnable;Ljava/security/AccessControlContext;)V+7
j  com.sun.javafx.application.PlatformImpl$$Lambda$50.run()V+8
j  com.sun.glass.ui.InvokeLaterDispatcher$Future.run()V+4
v  ~StubRoutines::call_stub
j  com.sun.glass.ui.win.WinApplication._runLoop(Ljava/lang/Runnable;)V+0
j  com.sun.glass.ui.win.WinApplication.lambda$null$147(ILjava/lang/Runnable;)V+8
j  com.sun.glass.ui.win.WinApplication$$Lambda$39.run()V+12
j  java.lang.Thread.run()V+11
v  ~StubRoutines::call_stub

---------------  P R O C E S S  ---------------

Java Threads: ( => current thread )
  0x26434800 JavaThread "JFXMedia Player EventQueueThread" daemon [_thread_blocked, id=10852, stack(0x2b050000,0x2b0a0000)]
  0x26431400 JavaThread "JFXMedia Player EventQueueThread" daemon [_thread_blocked, id=9264, stack(0x293f0000,0x29440000)]
  0x26434c00 JavaThread "JFXMedia Player EventQueueThread" daemon [_thread_blocked, id=5520, stack(0x23130000,0x23180000)]
  0x16854000 JavaThread "JFXMedia Player EventQueueThread" daemon [_thread_blocked, id=9200, stack(0x223b0000,0x22400000)]
  0x16851400 JavaThread "URL-Loader-5" daemon [_thread_blocked, id=5400, stack(0x27910000,0x27960000)]
  0x16853800 JavaThread "URL-Loader-4" daemon [_thread_blocked, id=7780, stack(0x27880000,0x278d0000)]
  0x16852c00 JavaThread "Thread-248" daemon [_thread_in_native, id=8340, stack(0x277f0000,0x27840000)]
  0x16851800 JavaThread "Keep-Alive-Timer" daemon [_thread_blocked, id=12004, stack(0x27640000,0x27690000)]
  0x16850c00 JavaThread "URL-Loader-3" daemon [_thread_blocked, id=5340, stack(0x257f0000,0x25840000)]
  0x16852400 JavaThread "URL-Loader-2" daemon [_thread_blocked, id=12888, stack(0x25760000,0x257b0000)]
  0x16852000 JavaThread "URL-Loader-1" daemon [_thread_blocked, id=2644, stack(0x25490000,0x254e0000)]
  0x16853400 JavaThread "Disposer" daemon [_thread_blocked, id=10476, stack(0x25400000,0x25450000)]
  0x16854400 JavaThread "Media Resource Disposer" daemon [_thread_blocked, id=1176, stack(0x23260000,0x232b0000)]
  0x16a27000 JavaThread "JFXMedia Player EventQueueThread" daemon [_thread_blocked, id=5176, stack(0x200e0000,0x20130000)]
  0x16a26c00 JavaThread "JFXMedia Player EventQueueThread" daemon [_thread_blocked, id=9672, stack(0x1fc80000,0x1fcd0000)]
  0x167f7800 JavaThread "Prism Font Disposer" daemon [_thread_blocked, id=612, stack(0x1d220000,0x1d270000)]
  0x166a2800 JavaThread "Thread-5" daemon [_thread_in_native, id=10112, stack(0x1b9a0000,0x1b9f0000)]
=>0x16663400 JavaThread "JavaFX Application Thread" [_thread_in_native, id=8564, stack(0x17590000,0x175e0000)]
  0x16667800 JavaThread "Thread-4" daemon [_thread_blocked, id=9408, stack(0x17400000,0x17450000)]
  0x165aac00 JavaThread "QuantumRenderer-0" daemon [_thread_blocked, id=8316, stack(0x16db0000,0x16e00000)]
  0x165aa400 JavaThread "JavaFX-Launcher" [_thread_blocked, id=10752, stack(0x16010000,0x16060000)]
  0x1658b400 JavaThread "com.legba.notes.app.Main.main()" [_thread_blocked, id=7732, stack(0x15400000,0x15450000)]
  0x00c89800 JavaThread "Service Thread" daemon [_thread_blocked, id=6180, stack(0x151e0000,0x15230000)]
  0x00c68400 JavaThread "C1 CompilerThread0" daemon [_thread_blocked, id=3400, stack(0x15150000,0x151a0000)]
  0x00c67000 JavaThread "Attach Listener" daemon [_thread_blocked, id=7436, stack(0x150c0000,0x15110000)]
  0x00c5e000 JavaThread "Signal Dispatcher" daemon [_thread_blocked, id=6260, stack(0x15030000,0x15080000)]
  0x00c57800 JavaThread "Finalizer" daemon [_thread_blocked, id=2896, stack(0x14eb0000,0x14f00000)]
  0x00bf9400 JavaThread "Reference Handler" daemon [_thread_blocked, id=8704, stack(0x02360000,0x023b0000)]
  0x00bd1400 JavaThread "main" [_thread_blocked, id=7336, stack(0x00b70000,0x00bc0000)]

Other Threads:
  0x00bf7000 VMThread [stack: 0x022d0000,0x02320000] [id=11124]
  0x00ca0400 WatcherThread [stack: 0x15270000,0x152c0000] [id=4868]

VM state:not at safepoint (normal execution)

VM Mutex/Monitor currently owned by a thread: None

Heap:
 def new generation   total 14400K, used 502K [0x04400000, 0x05390000, 0x09950000)
  eden space 12864K,   1% used [0x04400000, 0x0442e008, 0x05090000)
  from space 1536K,  20% used [0x05210000, 0x0525fa30, 0x05390000)
  to   space 1536K,   0% used [0x05090000, 0x05090000, 0x05210000)
 tenured generation   total 31788K, used 23118K [0x09950000, 0x0b85b000, 0x14400000)
   the space 31788K,  72% used [0x09950000, 0x0afe3878, 0x0afe3a00, 0x0b85b000)
 Metaspace       used 19877K, capacity 20945K, committed 20992K, reserved 21888K

Card table byte_map: [0x021e0000,0x02270000] byte_map_base: 0x021be000

Polling page: 0x004e0000

CodeCache: size=32768Kb used=4326Kb max_used=4326Kb free=28441Kb
 bounds [0x023d0000, 0x02810000, 0x043d0000]
 total_blobs=3029 nmethods=2567 adapters=392
 compilation: enabled

Compilation events (10 events):
Event: 18.208 Thread 0x00c68400 2625             java.security.AccessController::getContext (23 bytes)
Event: 18.208 Thread 0x00c68400 nmethod 2625 0x02808548 code [0x02808660, 0x02808758]
Event: 18.209 Thread 0x00c68400 2627             java.security.AccessControlContext::optimize (318 bytes)
Event: 18.211 Thread 0x00c68400 nmethod 2627 0x02808808 code [0x02808a10, 0x02809318]
Event: 18.211 Thread 0x00c68400 2628             com.sun.javafx.sg.prism.NGNode::markCullRegions (204 bytes)
Event: 18.212 Thread 0x00c68400 nmethod 2628 0x02809c08 code [0x02809d80, 0x0280a100]
Event: 18.212 Thread 0x00c68400 2629             com.sun.javafx.geom.transform.AffineBase::getType (33 bytes)
Event: 18.212 Thread 0x00c68400 nmethod 2629 0x0280a488 code [0x0280a590, 0x0280a668]
Event: 18.212 Thread 0x00c68400 2630             com.sun.prism.impl.BaseContext::getVertexBuffer (5 bytes)
Event: 18.212 Thread 0x00c68400 nmethod 2630 0x0280a708 code [0x0280a800, 0x0280a880]

GC Heap History (10 events):
Event: 17.942 GC heap before
{Heap before GC invocations=50 (full 3):
 def new generation   total 14400K, used 14400K [0x04400000, 0x05390000, 0x09950000)
  eden space 12864K, 100% used [0x04400000, 0x05090000, 0x05090000)
  from space 1536K, 100% used [0x05210000, 0x05390000, 0x05390000)
  to   space 1536K,   0% used [0x05090000, 0x05090000, 0x05210000)
 tenured generation   total 31788K, used 19352K [0x09950000, 0x0b85b000, 0x14400000)
   the space 31788K,  60% used [0x09950000, 0x0ac361f0, 0x0ac36200, 0x0b85b000)
 Metaspace       used 19871K, capacity 20933K, committed 20992K, reserved 21888K
Event: 17.952 GC heap after
Heap after GC invocations=51 (full 3):
 def new generation   total 14400K, used 1536K [0x04400000, 0x05390000, 0x09950000)
  eden space 12864K,   0% used [0x04400000, 0x04400000, 0x05090000)
  from space 1536K, 100% used [0x05090000, 0x05210000, 0x05210000)
  to   space 1536K,   0% used [0x05210000, 0x05210000, 0x05390000)
 tenured generation   total 31788K, used 21221K [0x09950000, 0x0b85b000, 0x14400000)
   the space 31788K,  66% used [0x09950000, 0x0ae09630, 0x0ae09800, 0x0b85b000)
 Metaspace       used 19871K, capacity 20933K, committed 20992K, reserved 21888K
}
Event: 17.971 GC heap before
{Heap before GC invocations=51 (full 3):
 def new generation   total 14400K, used 14400K [0x04400000, 0x05390000, 0x09950000)
  eden space 12864K, 100% used [0x04400000, 0x05090000, 0x05090000)
  from space 1536K, 100% used [0x05090000, 0x05210000, 0x05210000)
  to   space 1536K,   0% used [0x05210000, 0x05210000, 0x05390000)
 tenured generation   total 31788K, used 21221K [0x09950000, 0x0b85b000, 0x14400000)
   the space 31788K,  66% used [0x09950000, 0x0ae09630, 0x0ae09800, 0x0b85b000)
 Metaspace       used 19871K, capacity 20933K, committed 20992K, reserved 21888K
Event: 17.975 GC heap after
Heap after GC invocations=52 (full 3):
 def new generation   total 14400K, used 442K [0x04400000, 0x05390000, 0x09950000)
  eden space 12864K,   0% used [0x04400000, 0x04400000, 0x05090000)
  from space 1536K,  28% used [0x05210000, 0x0527e9b0, 0x05390000)
  to   space 1536K,   0% used [0x05090000, 0x05090000, 0x05210000)
 tenured generation   total 31788K, used 22150K [0x09950000, 0x0b85b000, 0x14400000)
   the space 31788K,  69% used [0x09950000, 0x0aef1a90, 0x0aef1c00, 0x0b85b000)
 Metaspace       used 19871K, capacity 20933K, committed 20992K, reserved 21888K
}
Event: 18.006 GC heap before
{Heap before GC invocations=52 (full 3):
 def new generation   total 14400K, used 13306K [0x04400000, 0x05390000, 0x09950000)
  eden space 12864K, 100% used [0x04400000, 0x05090000, 0x05090000)
  from space 1536K,  28% used [0x05210000, 0x0527e9b0, 0x05390000)
  to   space 1536K,   0% used [0x05090000, 0x05090000, 0x05210000)
 tenured generation   total 31788K, used 22150K [0x09950000, 0x0b85b000, 0x14400000)
   the space 31788K,  69% used [0x09950000, 0x0aef1a90, 0x0aef1c00, 0x0b85b000)
 Metaspace       used 19877K, capacity 20945K, committed 20992K, reserved 21888K
Event: 18.011 GC heap after
Heap after GC invocations=53 (full 3):
 def new generation   total 14400K, used 983K [0x04400000, 0x05390000, 0x09950000)
  eden space 12864K,   0% used [0x04400000, 0x04400000, 0x05090000)
  from space 1536K,  64% used [0x05090000, 0x05185d70, 0x05210000)
  to   space 1536K,   0% used [0x05210000, 0x05210000, 0x05390000)
 tenured generation   total 31788K, used 22150K [0x09950000, 0x0b85b000, 0x14400000)
   the space 31788K,  69% used [0x09950000, 0x0aef1a90, 0x0aef1c00, 0x0b85b000)
 Metaspace       used 19877K, capacity 20945K, committed 20992K, reserved 21888K
}
Event: 18.037 GC heap before
{Heap before GC invocations=53 (full 3):
 def new generation   total 14400K, used 13847K [0x04400000, 0x05390000, 0x09950000)
  eden space 12864K, 100% used [0x04400000, 0x05090000, 0x05090000)
  from space 1536K,  64% used [0x05090000, 0x05185d70, 0x05210000)
  to   space 1536K,   0% used [0x05210000, 0x05210000, 0x05390000)
 tenured generation   total 31788K, used 22150K [0x09950000, 0x0b85b000, 0x14400000)
   the space 31788K,  69% used [0x09950000, 0x0aef1a90, 0x0aef1c00, 0x0b85b000)
 Metaspace       used 19877K, capacity 20945K, committed 20992K, reserved 21888K
Event: 18.041 GC heap after
Heap after GC invocations=54 (full 3):
 def new generation   total 14400K, used 607K [0x04400000, 0x05390000, 0x09950000)
  eden space 12864K,   0% used [0x04400000, 0x04400000, 0x05090000)
  from space 1536K,  39% used [0x05210000, 0x052a7fd0, 0x05390000)
  to   space 1536K,   0% used [0x05090000, 0x05090000, 0x05210000)
 tenured generation   total 31788K, used 22584K [0x09950000, 0x0b85b000, 0x14400000)
   the space 31788K,  71% used [0x09950000, 0x0af5e330, 0x0af5e400, 0x0b85b000)
 Metaspace       used 19877K, capacity 20945K, committed 20992K, reserved 21888K
}
Event: 18.203 GC heap before
{Heap before GC invocations=54 (full 3):
 def new generation   total 14400K, used 13471K [0x04400000, 0x05390000, 0x09950000)
  eden space 12864K, 100% used [0x04400000, 0x05090000, 0x05090000)
  from space 1536K,  39% used [0x05210000, 0x052a7fd0, 0x05390000)
  to   space 1536K,   0% used [0x05090000, 0x05090000, 0x05210000)
 tenured generation   total 31788K, used 22584K [0x09950000, 0x0b85b000, 0x14400000)
   the space 31788K,  71% used [0x09950000, 0x0af5e330, 0x0af5e400, 0x0b85b000)
 Metaspace       used 19877K, capacity 20945K, committed 20992K, reserved 21888K
Event: 18.207 GC heap after
Heap after GC invocations=55 (full 3):
 def new generation   total 14400K, used 851K [0x04400000, 0x05390000, 0x09950000)
  eden space 12864K,   0% used [0x04400000, 0x04400000, 0x05090000)
  from space 1536K,  55% used [0x05090000, 0x05164c10, 0x05210000)
  to   space 1536K,   0% used [0x05210000, 0x05210000, 0x05390000)
 tenured generation   total 31788K, used 22584K [0x09950000, 0x0b85b000, 0x14400000)
   the space 31788K,  71% used [0x09950000, 0x0af5e330, 0x0af5e400, 0x0b85b000)
 Metaspace       used 19877K, capacity 20945K, committed 20992K, reserved 21888K
}

Deoptimization events (0 events):
No events

Classes redefined (0 events):
No events

Internal exceptions (10 events):
Event: 17.369 Thread 0x165aac00 Exception <a 'java/lang/ArrayIndexOutOfBoundsException'> (0x04de1ce0) thrown at [C:\re\workspace\8-2-build-windows-i586-cygwin\jdk8u171\10807\hotspot\src\share\vm\runtime\sharedRuntime.cpp, line 605]
Event: 17.369 Thread 0x165aac00 Exception <a 'java/lang/ArrayIndexOutOfBoundsException'> (0x04de20e0) thrown at [C:\re\workspace\8-2-build-windows-i586-cygwin\jdk8u171\10807\hotspot\src\share\vm\runtime\sharedRuntime.cpp, line 605]
Event: 17.369 Thread 0x165aac00 Exception <a 'java/lang/ArrayIndexOutOfBoundsException'> (0x04de24e0) thrown at [C:\re\workspace\8-2-build-windows-i586-cygwin\jdk8u171\10807\hotspot\src\share\vm\runtime\sharedRuntime.cpp, line 605]
Event: 17.960 Thread 0x16663400 Exception <a 'java/lang/NullPointerException'> (0x04a5a838) thrown at [C:\re\workspace\8-2-build-windows-i586-cygwin\jdk8u171\10807\hotspot\src\share\vm\interpreter\linkResolver.cpp, line 1287]
Event: 17.970 Thread 0x16663400 Exception <a 'java/lang/NullPointerException'> (0x04f0a800) thrown at [C:\re\workspace\8-2-build-windows-i586-cygwin\jdk8u171\10807\hotspot\src\share\vm\interpreter\linkResolver.cpp, line 1287]
Event: 17.990 Thread 0x16663400 Exception <a 'java/lang/NullPointerException'> (0x049463a8) thrown at [C:\re\workspace\8-2-build-windows-i586-cygwin\jdk8u171\10807\hotspot\src\share\vm\interpreter\linkResolver.cpp, line 1287]
Event: 17.999 Thread 0x16663400 Exception <a 'java/lang/NullPointerException'> (0x04c91740) thrown at [C:\re\workspace\8-2-build-windows-i586-cygwin\jdk8u171\10807\hotspot\src\share\vm\interpreter\linkResolver.cpp, line 1287]
Event: 18.213 Thread 0x165aac00 Exception <a 'java/lang/ArrayIndexOutOfBoundsException'> (0x046f7c38) thrown at [C:\re\workspace\8-2-build-windows-i586-cygwin\jdk8u171\10807\hotspot\src\share\vm\runtime\sharedRuntime.cpp, line 605]
Event: 18.213 Thread 0x165aac00 Exception <a 'java/lang/ArrayIndexOutOfBoundsException'> (0x046f8038) thrown at [C:\re\workspace\8-2-build-windows-i586-cygwin\jdk8u171\10807\hotspot\src\share\vm\runtime\sharedRuntime.cpp, line 605]
Event: 18.213 Thread 0x165aac00 Exception <a 'java/lang/ArrayIndexOutOfBoundsException'> (0x046f8438) thrown at [C:\re\workspace\8-2-build-windows-i586-cygwin\jdk8u171\10807\hotspot\src\share\vm\runtime\sharedRuntime.cpp, line 605]

Events (10 events):
Event: 18.221 Thread 0x2643d000 Thread exited: 0x2643d000
Event: 18.221 Thread 0x2643cc00 Thread added: 0x2643cc00
Event: 18.221 Thread 0x2643cc00 Thread exited: 0x2643cc00
Event: 18.221 Thread 0x2643d800 Thread added: 0x2643d800
Event: 18.221 Thread 0x2643d800 Thread exited: 0x2643d800
Event: 18.221 Thread 0x2643cc00 Thread added: 0x2643cc00
Event: 18.221 Thread 0x2643cc00 Thread exited: 0x2643cc00
Event: 18.221 Thread 0x2643d800 Thread added: 0x2643d800
Event: 18.222 Thread 0x2643d800 Thread exited: 0x2643d800
Event: 18.222 Thread 0x2643d000 Thread added: 0x2643d000


Dynamic libraries:
0x00da0000 - 0x00dd3000 	C:\Program Files (x86)\Java\jdk1.8.0_171\bin\javaw.exe
0x77880000 - 0x77a0e000 	C:\WINDOWS\SYSTEM32\ntdll.dll
0x76570000 - 0x76640000 	C:\WINDOWS\System32\KERNEL32.DLL
0x74400000 - 0x745c1000 	C:\WINDOWS\System32\KERNELBASE.dll
0x77630000 - 0x776a7000 	C:\WINDOWS\System32\ADVAPI32.dll
0x761e0000 - 0x7629d000 	C:\WINDOWS\System32\msvcrt.dll
0x76930000 - 0x76971000 	C:\WINDOWS\System32\sechost.dll
0x76870000 - 0x76930000 	C:\WINDOWS\System32\RPCRT4.dll
0x74350000 - 0x74370000 	C:\WINDOWS\System32\SspiCli.dll
0x74340000 - 0x7434a000 	C:\WINDOWS\System32\CRYPTBASE.dll
0x74950000 - 0x749a7000 	C:\WINDOWS\System32\bcryptPrimitives.dll
0x76c40000 - 0x76d7c000 	C:\WINDOWS\System32\USER32.dll
0x761c0000 - 0x761d6000 	C:\WINDOWS\System32\win32u.dll
0x767e0000 - 0x76801000 	C:\WINDOWS\System32\GDI32.dll
0x747f0000 - 0x74948000 	C:\WINDOWS\System32\gdi32full.dll
0x76670000 - 0x766e9000 	C:\WINDOWS\System32\msvcp_win.dll
0x746d0000 - 0x747e8000 	C:\WINDOWS\System32\ucrtbase.dll
0x73390000 - 0x7359e000 	C:\WINDOWS\WinSxS\x86_microsoft.windows.common-controls_6595b64144ccf1df_6.0.15063.1058_none_887484c43e23e7c3\COMCTL32.dll
0x769a0000 - 0x76bd8000 	C:\WINDOWS\System32\combase.dll
0x76640000 - 0x76665000 	C:\WINDOWS\System32\IMM32.DLL
0x6fb30000 - 0x6fbef000 	C:\Program Files (x86)\Java\jdk1.8.0_171\jre\bin\msvcr100.dll
0x68300000 - 0x686d1000 	C:\Program Files (x86)\Java\jdk1.8.0_171\jre\bin\client\jvm.dll
0x763e0000 - 0x763e6000 	C:\WINDOWS\System32\PSAPI.DLL
0x735a0000 - 0x735c4000 	C:\WINDOWS\SYSTEM32\WINMM.dll
0x73c00000 - 0x73c08000 	C:\WINDOWS\SYSTEM32\VERSION.dll
0x72030000 - 0x72038000 	C:\WINDOWS\SYSTEM32\WSOCK32.dll
0x762a0000 - 0x76307000 	C:\WINDOWS\System32\WS2_32.dll
0x72fe0000 - 0x73003000 	C:\WINDOWS\SYSTEM32\WINMMBASE.dll
0x76120000 - 0x76159000 	C:\WINDOWS\System32\cfgmgr32.dll
0x706e0000 - 0x706ec000 	C:\Program Files (x86)\Java\jdk1.8.0_171\jre\bin\verify.dll
0x6fb00000 - 0x6fb22000 	C:\Program Files (x86)\Java\jdk1.8.0_171\jre\bin\java.dll
0x6f760000 - 0x6f774000 	C:\Program Files (x86)\Java\jdk1.8.0_171\jre\bin\zip.dll
0x749b0000 - 0x75cf9000 	C:\WINDOWS\System32\SHELL32.dll
0x76750000 - 0x767dc000 	C:\WINDOWS\System32\shcore.dll
0x76d80000 - 0x77307000 	C:\WINDOWS\System32\windows.storage.dll
0x77460000 - 0x774a5000 	C:\WINDOWS\System32\shlwapi.dll
0x761b0000 - 0x761be000 	C:\WINDOWS\System32\kernel.appcore.dll
0x766f0000 - 0x76735000 	C:\WINDOWS\System32\powrprof.dll
0x763b0000 - 0x763c0000 	C:\WINDOWS\System32\profapi.dll
0x69390000 - 0x693a5000 	C:\Program Files (x86)\Java\jdk1.8.0_171\jre\bin\net.dll
0x72400000 - 0x7244e000 	C:\WINDOWS\system32\mswsock.dll
0x6f8a0000 - 0x6f8af000 	C:\Program Files (x86)\Java\jdk1.8.0_171\jre\bin\nio.dll
0x69370000 - 0x69373000 	C:\Program Files (x86)\Java\jdk1.8.0_171\jre\bin\api-ms-win-core-console-l1-1-0.dll
0x69360000 - 0x69363000 	C:\Program Files (x86)\Java\jdk1.8.0_171\jre\bin\api-ms-win-core-datetime-l1-1-0.dll
0x69350000 - 0x69353000 	C:\Program Files (x86)\Java\jdk1.8.0_171\jre\bin\api-ms-win-core-debug-l1-1-0.dll
0x69340000 - 0x69343000 	C:\Program Files (x86)\Java\jdk1.8.0_171\jre\bin\api-ms-win-core-errorhandling-l1-1-0.dll
0x69330000 - 0x69334000 	C:\Program Files (x86)\Java\jdk1.8.0_171\jre\bin\api-ms-win-core-file-l1-1-0.dll
0x69320000 - 0x69323000 	C:\Program Files (x86)\Java\jdk1.8.0_171\jre\bin\api-ms-win-core-file-l1-2-0.dll
0x69310000 - 0x69313000 	C:\Program Files (x86)\Java\jdk1.8.0_171\jre\bin\api-ms-win-core-file-l2-1-0.dll
0x69300000 - 0x69303000 	C:\Program Files (x86)\Java\jdk1.8.0_171\jre\bin\api-ms-win-core-handle-l1-1-0.dll
0x692f0000 - 0x692f3000 	C:\Program Files (x86)\Java\jdk1.8.0_171\jre\bin\api-ms-win-core-heap-l1-1-0.dll
0x692e0000 - 0x692e3000 	C:\Program Files (x86)\Java\jdk1.8.0_171\jre\bin\api-ms-win-core-interlocked-l1-1-0.dll
0x692d0000 - 0x692d3000 	C:\Program Files (x86)\Java\jdk1.8.0_171\jre\bin\api-ms-win-core-libraryloader-l1-1-0.dll
0x692c0000 - 0x692c3000 	C:\Program Files (x86)\Java\jdk1.8.0_171\jre\bin\api-ms-win-core-localization-l1-2-0.dll
0x692b0000 - 0x692b3000 	C:\Program Files (x86)\Java\jdk1.8.0_171\jre\bin\api-ms-win-core-memory-l1-1-0.dll
0x692a0000 - 0x692a3000 	C:\Program Files (x86)\Java\jdk1.8.0_171\jre\bin\api-ms-win-core-namedpipe-l1-1-0.dll
0x69290000 - 0x69293000 	C:\Program Files (x86)\Java\jdk1.8.0_171\jre\bin\api-ms-win-core-processenvironment-l1-1-0.dll
0x69280000 - 0x69283000 	C:\Program Files (x86)\Java\jdk1.8.0_171\jre\bin\api-ms-win-core-processthreads-l1-1-0.dll
0x69270000 - 0x69273000 	C:\Program Files (x86)\Java\jdk1.8.0_171\jre\bin\api-ms-win-core-processthreads-l1-1-1.dll
0x69260000 - 0x69263000 	C:\Program Files (x86)\Java\jdk1.8.0_171\jre\bin\api-ms-win-core-profile-l1-1-0.dll
0x69250000 - 0x69253000 	C:\Program Files (x86)\Java\jdk1.8.0_171\jre\bin\api-ms-win-core-rtlsupport-l1-1-0.dll
0x69240000 - 0x69243000 	C:\Program Files (x86)\Java\jdk1.8.0_171\jre\bin\api-ms-win-core-string-l1-1-0.dll
0x68d30000 - 0x68d33000 	C:\Program Files (x86)\Java\jdk1.8.0_171\jre\bin\api-ms-win-core-synch-l1-1-0.dll
0x68d20000 - 0x68d23000 	C:\Program Files (x86)\Java\jdk1.8.0_171\jre\bin\api-ms-win-core-synch-l1-2-0.dll
0x68d10000 - 0x68d13000 	C:\Program Files (x86)\Java\jdk1.8.0_171\jre\bin\api-ms-win-core-sysinfo-l1-1-0.dll
0x68d00000 - 0x68d03000 	C:\Program Files (x86)\Java\jdk1.8.0_171\jre\bin\api-ms-win-core-timezone-l1-1-0.dll
0x68cf0000 - 0x68cf3000 	C:\Program Files (x86)\Java\jdk1.8.0_171\jre\bin\api-ms-win-core-util-l1-1-0.dll
0x68ce0000 - 0x68ce3000 	C:\Program Files (x86)\Java\jdk1.8.0_171\jre\bin\api-ms-win-crt-conio-l1-1-0.dll
0x68cd0000 - 0x68cd4000 	C:\Program Files (x86)\Java\jdk1.8.0_171\jre\bin\api-ms-win-crt-convert-l1-1-0.dll
0x68cc0000 - 0x68cc3000 	C:\Program Files (x86)\Java\jdk1.8.0_171\jre\bin\api-ms-win-crt-environment-l1-1-0.dll
0x68cb0000 - 0x68cb3000 	C:\Program Files (x86)\Java\jdk1.8.0_171\jre\bin\api-ms-win-crt-filesystem-l1-1-0.dll
0x68ca0000 - 0x68ca3000 	C:\Program Files (x86)\Java\jdk1.8.0_171\jre\bin\api-ms-win-crt-heap-l1-1-0.dll
0x68c90000 - 0x68c93000 	C:\Program Files (x86)\Java\jdk1.8.0_171\jre\bin\api-ms-win-crt-locale-l1-1-0.dll
0x68c80000 - 0x68c85000 	C:\Program Files (x86)\Java\jdk1.8.0_171\jre\bin\api-ms-win-crt-math-l1-1-0.dll
0x68c70000 - 0x68c75000 	C:\Program Files (x86)\Java\jdk1.8.0_171\jre\bin\api-ms-win-crt-multibyte-l1-1-0.dll
0x68c60000 - 0x68c70000 	C:\Program Files (x86)\Java\jdk1.8.0_171\jre\bin\api-ms-win-crt-private-l1-1-0.dll
0x68c50000 - 0x68c53000 	C:\Program Files (x86)\Java\jdk1.8.0_171\jre\bin\api-ms-win-crt-process-l1-1-0.dll
0x682f0000 - 0x682f4000 	C:\Program Files (x86)\Java\jdk1.8.0_171\jre\bin\api-ms-win-crt-runtime-l1-1-0.dll
0x682e0000 - 0x682e4000 	C:\Program Files (x86)\Java\jdk1.8.0_171\jre\bin\api-ms-win-crt-stdio-l1-1-0.dll
0x682d0000 - 0x682d4000 	C:\Program Files (x86)\Java\jdk1.8.0_171\jre\bin\api-ms-win-crt-string-l1-1-0.dll
0x682c0000 - 0x682c3000 	C:\Program Files (x86)\Java\jdk1.8.0_171\jre\bin\api-ms-win-crt-time-l1-1-0.dll
0x682b0000 - 0x682b3000 	C:\Program Files (x86)\Java\jdk1.8.0_171\jre\bin\api-ms-win-crt-utility-l1-1-0.dll
0x65da0000 - 0x65eb8000 	C:\Program Files (x86)\Java\jdk1.8.0_171\jre\bin\ucrtbase.dll
0x68270000 - 0x682ab000 	C:\Program Files (x86)\Java\jdk1.8.0_171\jre\bin\concrt140.dll
0x68250000 - 0x68265000 	C:\WINDOWS\SYSTEM32\VCRUNTIME140.dll
0x65d30000 - 0x65d9d000 	C:\WINDOWS\SYSTEM32\MSVCP140.dll
0x65d10000 - 0x65d24000 	C:\Program Files (x86)\Java\jdk1.8.0_171\jre\bin\vcruntime140.dll
0x65ca0000 - 0x65d0c000 	C:\Program Files (x86)\Java\jdk1.8.0_171\jre\bin\msvcp140.dll
0x65c80000 - 0x65c9f000 	C:\Program Files (x86)\Java\jdk1.8.0_171\jre\bin\prism_d3d.dll
0x6a3c0000 - 0x6a522000 	C:\WINDOWS\system32\d3d9.dll
0x725a0000 - 0x725c3000 	C:\WINDOWS\SYSTEM32\dwmapi.dll
0x725d0000 - 0x72648000 	C:\WINDOWS\system32\uxtheme.dll
0x6a2d0000 - 0x6a38b000 	C:\WINDOWS\System32\DriverStore\FileRepository\nv_ref_pubwu.inf_amd64_c0f7a2f5b2e4e6e0\nvldumd.dll
0x774b0000 - 0x7762d000 	C:\WINDOWS\System32\crypt32.dll
0x763d0000 - 0x763de000 	C:\WINDOWS\System32\MSASN1.dll
0x76160000 - 0x761a5000 	C:\WINDOWS\System32\WINTRUST.DLL
0x76980000 - 0x76999000 	C:\WINDOWS\System32\imagehlp.dll
0x71be0000 - 0x71bf3000 	C:\WINDOWS\SYSTEM32\CRYPTSP.dll
0x71bb0000 - 0x71bdf000 	C:\WINDOWS\system32\rsaenh.dll
0x74160000 - 0x74178000 	C:\WINDOWS\SYSTEM32\bcrypt.dll
0x69480000 - 0x6a2c2000 	C:\WINDOWS\System32\DriverStore\FileRepository\nv_ref_pubwu.inf_amd64_c0f7a2f5b2e4e6e0\nvd3dum.dll
0x65c40000 - 0x65c78000 	C:\Program Files (x86)\Java\jdk1.8.0_171\jre\bin\glass.dll
0x76480000 - 0x7656f000 	C:\WINDOWS\System32\COMDLG32.dll
0x745d0000 - 0x746c3000 	C:\WINDOWS\System32\ole32.dll
0x76310000 - 0x763a6000 	C:\WINDOWS\System32\OLEAUT32.dll
0x77310000 - 0x77456000 	C:\WINDOWS\System32\MSCTF.dll
0x693b0000 - 0x6947a000 	C:\Program Files (x86)\NVIDIA Corporation\3D Vision\nvSCPAPI.dll
0x75d00000 - 0x7611a000 	C:\WINDOWS\System32\SETUPAPI.dll
0x74370000 - 0x743f3000 	C:\WINDOWS\System32\clbcatq.dll
0x70840000 - 0x709b1000 	C:\WINDOWS\SYSTEM32\WindowsCodecs.dll
0x707f0000 - 0x70833000 	C:\WINDOWS\system32\dataexchange.dll
0x70700000 - 0x707ea000 	C:\WINDOWS\system32\dcomp.dll
0x70420000 - 0x70671000 	C:\WINDOWS\system32\d3d11.dll
0x70390000 - 0x7041a000 	C:\WINDOWS\system32\dxgi.dll
0x70250000 - 0x70386000 	C:\WINDOWS\system32\twinapi.appcore.dll
0x65c10000 - 0x65c35000 	C:\Program Files (x86)\Common Files\Microsoft Shared\Ink\rtscom.dll
0x65c00000 - 0x65c10000 	C:\Program Files (x86)\Java\jdk1.8.0_171\jre\bin\javafx_font.dll
0x6f8b0000 - 0x6faf7000 	C:\WINDOWS\SYSTEM32\dwrite.dll
0x68d40000 - 0x69240000 	C:\WINDOWS\SYSTEM32\d2d1.dll
0x65ec0000 - 0x6611c000 	C:\WINDOWS\SYSTEM32\D3D10Warp.dll
0x65bf0000 - 0x65bff000 	C:\Program Files (x86)\Java\jdk1.8.0_171\jre\bin\prism_common.dll
0x71380000 - 0x713e7000 	C:\WINDOWS\System32\TextInputFramework.dll
0x71150000 - 0x71377000 	C:\WINDOWS\System32\CoreUIComponents.dll
0x710c0000 - 0x7114f000 	C:\WINDOWS\System32\CoreMessaging.dll
0x723d0000 - 0x723f8000 	C:\WINDOWS\SYSTEM32\ntmarta.dll
0x70fe0000 - 0x710b1000 	C:\WINDOWS\SYSTEM32\wintypes.dll
0x70fd0000 - 0x70fe0000 	C:\WINDOWS\SYSTEM32\usermgrcli.dll
0x65bc0000 - 0x65be1000 	C:\Program Files (x86)\Java\jdk1.8.0_171\jre\bin\javafx_iio.dll

VM Arguments:
jvm_args: -Dmaven.home=EMBEDDED -Dclassworlds.conf=H:\Legba\.metadata\.plugins\org.eclipse.m2e.launching\launches\m2conf6618328453575638251.tmp -Dmaven.multiModuleProjectDirectory=M:\w2k\Legba\SWEng\Notes -Dfile.encoding=Cp1252 
java_command: org.codehaus.plexus.classworlds.launcher.Launcher -B jfx:run
java_class_path (initial): /C:/ECLIPSE/plugins/org.eclipse.m2e.maven.runtime_1.6.2.20150902-0001/jars/plexus-classworlds-2.5.2.jar
Launcher Type: SUN_STANDARD

Environment Variables:
PATH=C:/Program Files (x86)/Java/jre1.8.0_171/bin/client;C:/Program Files (x86)/Java/jre1.8.0_171/bin;C:/Program Files (x86)/Java/jre1.8.0_171/lib/i386;C:\Program Files (x86)\Common Files\Oracle\Java\javapath;C:\Program Files (x86)\Intel\MPI-RT\4.1.3.045\em64t\bin;C:\Program Files (x86)\Intel\MPI-RT\4.1.3.045\ia32\bin;C:\WINDOWS\system32;C:\WINDOWS;C:\WINDOWS\System32\Wbem;C:\WINDOWS\System32\WindowsPowerShell\v1.0\;C:\Program Files (x86)\Symyx\Symyx Draw 4.0\lib;C:\Apps\Anaconda3;C:\Apps\Anaconda3\Scripts;C:\Apps\Anaconda3\Library\bin;C:\TeX\MiKTeX\miktex\bin\;C:\Program Files\MATLAB\R2017a\runtime\win64;C:\Program Files\MATLAB\R2017a\bin;C:\APPS\MINGW\bin;C:\Program Files\Microsoft SQL Server\120\Tools\Binn\;C:\Program Files (x86)\PuTTY;C:\Program Files\IBM\SPSS\Statistics\24\JRE\bin;C:\Program Files (x86)\Common Files\Propellerhead Software\ReWire\;C:\Program Files\Common Files\Propellerhead Software\ReWire\;C:\TEX\texlive\2016\bin\win32;C:\Program Files\Git\cmd;C:\Program Files (x86)\IT Services\Tools\;C:\Program Files (x86)\IVI Foundation\VISA\WinNT\Bin\;C:\Program Files\IVI Foundation\VISA\Win64\Bin\;C:\Program Files (x86)\Windows Kits\8.1\Windows Performance Toolkit\;C:\Program Files\Csound6_x64\bin;C:\Program Files (x86)\LyX 2.2\Perl\bin;C:\Program Files (x86)\COPASI 4.5.30\bin\;C:\Program Files (x86)\Intel\Intel(R) Management Engine Components\DAL;C:\Program Files\Intel\Intel(R) Management Engine Components\DAL;C:\Program Files (x86)\Intel\Intel(R) Management Engine Components\IPT;C:\Program Files\Intel\Intel(R) Management Engine Components\IPT;C:\Program Files (x86)\Java\jdk1.8.0_171\bin;C:\Users\zraw500\AppData\Local\Microsoft\WindowsApps;;C:\ECLIPSE;
USERNAME=zraw500
OS=Windows_NT
PROCESSOR_IDENTIFIER=Intel64 Family 6 Model 60 Stepping 3, GenuineIntel



---------------  S Y S T E M  ---------------

OS: Windows 10.0 , 64 bit Build 15063 (10.0.15063.1058)

CPU:total 8 (initial active 8) (4 cores per cpu, 2 threads per core) family 6 model 60 stepping 3, cmov, cx8, fxsr, mmx, sse, sse2, sse3, ssse3, sse4.1, sse4.2, popcnt, avx, avx2, aes, clmul, erms, lzcnt, ht, tsc, tscinvbit, bmi1, bmi2

Memory: 4k page, physical 8224332k(3187012k free), swap 9535052k(2843756k free)

vm_info: Java HotSpot(TM) Client VM (25.171-b11) for windows-x86 JRE (1.8.0_171-b11), built on Mar 28 2018 14:51:22 by "java_re" with MS VC++ 10.0 (VS2010)

time: Wed Jun 06 01:24:01 2018
elapsed time: 18 seconds (0d 0h 0m 18s)

